#
# A fatal error has been detected by the Java Runtime Environment:
#
#  EXCEPTION_ACCESS_VIOLATION (0xc0000005) at pc=0x00007ffb4ad1c8a6, pid=11092, tid=6604
#
# JRE version: OpenJDK Runtime Environment Corretto-21.0.3.9.1 (21.0.3+9) (build 21.0.3+9-LTS)
# Java VM: OpenJDK 64-Bit Server VM Corretto-21.0.3.9.1 (21.0.3+9-LTS, mixed mode, emulated-client, sharing, tiered, compressed oops, compressed class ptrs, g1 gc, windows-amd64)
# Problematic frame:
# V  [jvm.dll+0xc8a6]
#
# No core dump will be written. Minidumps are not enabled by default on client versions of Windows
#
# If you would like to submit a bug report, please visit:
#   https://github.com/corretto/corretto-21/issues/
#

---------------  S U M M A R Y ------------

Command Line: -XX:+ShowCodeDetailsInExceptionMessages -agentlib:jdwp=transport=dt_socket,suspend=y,address=localhost:63882 -Dcom.sun.management.jmxremote -Dcom.sun.management.jmxremote.port=63881 -Dcom.sun.management.jmxremote.authenticate=false -Dcom.sun.management.jmxremote.ssl=false -Djava.rmi.server.hostname=localhost -Dspring.jmx.enabled=true -Dmanagement.endpoints.jmx.exposure.include=* -Dspring.application.admin.enabled=true -Dspring.output.ansi.enabled=always -XX:TieredStopAtLevel=1 -Dspring.boot.project.name=Tudio -javaagent:D:\A_TeachingMaterial\06_FinalProject\TOOL\sts\configuration\org.eclipse.osgi\272\0\.cp\lib\javaagent-shaded.jar -Dfile.encoding=UTF-8 -Dstdout.encoding=UTF-8 -Dstderr.encoding=UTF-8 kr.or.ddit.TudioApplication

Host: Intel(R) Core(TM) i7-10700 CPU @ 2.90GHz, 16 cores, 15G,  Windows 10 , 64 bit Build 19041 (10.0.19041.5915)
Time: Tue Dec 30 17:35:51 2025  Windows 10 , 64 bit Build 19041 (10.0.19041.5915) elapsed time: 6157.981798 seconds (0d 1h 42m 37s)

---------------  T H R E A D  ---------------

Current thread (0x000001f4e18b8010):  WorkerThread "GC Thread#1"    [id=6604, stack(0x000000efcb900000,0x000000efcba00000) (1024K)]

Stack: [0x000000efcb900000,0x000000efcba00000],  sp=0x000000efcb9fdef8,  free space=1015k
Native frames: (J=compiled Java code, j=interpreted, Vv=VM code, C=native code)
V  [jvm.dll+0xc8a6]

JavaThread 0x000001f4e4d0fa10 (nid = 5944) was being processed
Java frames: (J=compiled Java code, j=interpreted, Vv=VM code)
j  java.lang.invoke.DirectMethodHandle$Holder.newInvokeSpecial(Ljava/lang/Object;)Ljava/lang/Object;+15 java.base@21.0.3
J 916 c1 jdk.internal.reflect.DirectConstructorHandleAccessor.newInstance([Ljava/lang/Object;)Ljava/lang/Object; java.base@21.0.3 (130 bytes) @ 0x000001f4d16ab2ec [0x000001f4d16ab0e0+0x000000000000020c]
J 915 c1 java.lang.reflect.Constructor.newInstanceWithCaller([Ljava/lang/Object;ZLjava/lang/Class;)Ljava/lang/Object; java.base@21.0.3 (51 bytes) @ 0x000001f4d16a49bc [0x000001f4d16a48e0+0x00000000000000dc]
J 3731 c1 org.springframework.beans.BeanUtils.instantiateClass(Ljava/lang/reflect/Constructor;[Ljava/lang/Object;)Ljava/lang/Object; (208 bytes) @ 0x000001f4d1c2bc0c [0x000001f4d1c2b680+0x000000000000058c]
J 26787 c1 org.springframework.beans.factory.support.SimpleInstantiationStrategy.instantiate(Lorg/springframework/beans/factory/support/RootBeanDefinition;Ljava/lang/String;Lorg/springframework/beans/factory/BeanFactory;)Ljava/lang/Object; (123 bytes) @ 0x000001f4d25828ec [0x000001f4d2582420+0x00000000000004cc]
J 26786 c1 org.springframework.beans.factory.support.AbstractAutowireCapableBeanFactory.instantiateBean(Ljava/lang/String;Lorg/springframework/beans/factory/support/RootBeanDefinition;)Lorg/springframework/beans/BeanWrapper; (51 bytes) @ 0x000001f4d2369cf4 [0x000001f4d2369c40+0x00000000000000b4]
J 25386 c1 org.springframework.beans.factory.support.AbstractAutowireCapableBeanFactory.createBeanInstance(Ljava/lang/String;Lorg/springframework/beans/factory/support/RootBeanDefinition;[Ljava/lang/Object;)Lorg/springframework/beans/BeanWrapper; (245 bytes) @ 0x000001f4d16d8284 [0x000001f4d16d7c40+0x0000000000000644]
J 25414 c1 org.springframework.beans.factory.support.AbstractAutowireCapableBeanFactory.doCreateBean(Ljava/lang/String;Lorg/springframework/beans/factory/support/RootBeanDefinition;[Ljava/lang/Object;)Ljava/lang/Object; (465 bytes) @ 0x000001f4d13c65ac [0x000001f4d13c6400+0x00000000000001ac]
J 25388 c1 org.springframework.beans.factory.support.AbstractAutowireCapableBeanFactory.createBean(Ljava/lang/String;Lorg/springframework/beans/factory/support/RootBeanDefinition;[Ljava/lang/Object;)Ljava/lang/Object; (214 bytes) @ 0x000001f4d197c3bc [0x000001f4d197bec0+0x00000000000004fc]
J 25412 c1 org.springframework.beans.factory.support.AbstractBeanFactory$$Lambda+0x000001f481271c10.getObject()Ljava/lang/Object; (20 bytes) @ 0x000001f4d18754bc [0x000001f4d1875420+0x000000000000009c]
J 25385 c1 org.springframework.beans.factory.support.DefaultSingletonBeanRegistry.getSingleton(Ljava/lang/String;Lorg/springframework/beans/factory/ObjectFactory;)Ljava/lang/Object; (1299 bytes) @ 0x000001f4d14c5c3c [0x000001f4d14c4980+0x00000000000012bc]
J 3807 c1 org.springframework.beans.factory.support.AbstractBeanFactory.doGetBean(Ljava/lang/String;Ljava/lang/Class;[Ljava/lang/Object;Z)Ljava/lang/Object; (787 bytes) @ 0x000001f4d1c51b34 [0x000001f4d1c51440+0x00000000000006f4]
J 28584 c1 org.springframework.beans.factory.support.DefaultListableBeanFactory.instantiateSingleton(Ljava/lang/String;)V (56 bytes) @ 0x000001f4d153a7f4 [0x000001f4d153a3a0+0x0000000000000454]
J 28583 c1 org.springframework.beans.factory.support.DefaultListableBeanFactory.preInstantiateSingleton(Ljava/lang/String;Lorg/springframework/beans/factory/support/RootBeanDefinition;)Ljava/util/concurrent/CompletableFuture; (165 bytes) @ 0x000001f4d15398bc [0x000001f4d1539600+0x00000000000002bc]
j  org.springframework.beans.factory.support.DefaultListableBeanFactory.preInstantiateSingletons()V+130
j  org.springframework.context.support.AbstractApplicationContext.finishBeanFactoryInitialization(Lorg/springframework/beans/factory/config/ConfigurableListableBeanFactory;)V+290
j  org.springframework.context.support.AbstractApplicationContext.refresh()V+94
j  org.springframework.boot.web.servlet.context.ServletWebServerApplicationContext.refresh()V+1
j  org.springframework.boot.SpringApplication.refresh(Lorg/springframework/context/ConfigurableApplicationContext;)V+1
j  org.springframework.boot.SpringApplication.refreshContext(Lorg/springframework/context/ConfigurableApplicationContext;)V+19
j  org.springframework.boot.SpringApplication.run([Ljava/lang/String;)Lorg/springframework/context/ConfigurableApplicationContext;+113
j  org.springframework.boot.SpringApplication.run([Ljava/lang/Class;[Ljava/lang/String;)Lorg/springframework/context/ConfigurableApplicationContext;+9
j  org.springframework.boot.SpringApplication.run(Ljava/lang/Class;[Ljava/lang/String;)Lorg/springframework/context/ConfigurableApplicationContext;+9
j  kr.or.ddit.TudioApplication.main([Ljava/lang/String;)V+3
j  java.lang.invoke.LambdaForm$DMH+0x000001f481004c00.invokeStatic(Ljava/lang/Object;Ljava/lang/Object;)V+10 java.base@21.0.3
j  java.lang.invoke.LambdaForm$MH+0x000001f481c10800.invoke(Ljava/lang/Object;Ljava/lang/Object;Ljava/lang/Object;)Ljava/lang/Object;+33 java.base@21.0.3
J 4226 c1 jdk.internal.reflect.DirectMethodHandleAccessor.invoke(Ljava/lang/Object;[Ljava/lang/Object;)Ljava/lang/Object; java.base@21.0.3 (92 bytes) @ 0x000001f4d1d17004 [0x000001f4d1d16ca0+0x0000000000000364]
J 4230 c1 java.lang.reflect.Method.invoke(Ljava/lang/Object;[Ljava/lang/Object;)Ljava/lang/Object; java.base@21.0.3 (108 bytes) @ 0x000001f4d1d11174 [0x000001f4d1d10f80+0x00000000000001f4]
j  org.springframework.boot.devtools.restart.RestartLauncher.run()V+47
v  ~StubRoutines::call_stub 0x000001f4d127100d

siginfo: EXCEPTION_ACCESS_VIOLATION (0xc0000005), reading address 0x000001f50072d12f


Registers:
RAX=0x0000000000000000, RBX=0x000000000000467e, RCX=0x000000efcb3fd370, RDX=0x000000efcb3fd370
RSP=0x000000efcb9fdef8, RBP=0x000000efcb9fe0d0, RSI=0x000000efcb3fd370, RDI=0x000000efcb3fd370
R8 =0x000001f50072d127, R9 =0x000000efcb3fd370, R10=0x000001f4c8bb6540, R11=0x000000efcb9fe158
R12=0x0000000000000000, R13=0x000000efcb3fd370, R14=0x000001f4e55bf170, R15=0x000001f50072d127
RIP=0x00007ffb4ad1c8a6, EFLAGS=0x0000000000010206


Register to memory mapping:

RAX=0x0 is null
RBX=0x000000000000467e is an unknown value
RCX=0x000000efcb3fd370 is pointing into the stack for thread: 0x000001f4e4d0fa10
RDX=0x000000efcb3fd370 is pointing into the stack for thread: 0x000001f4e4d0fa10
RSP=0x000000efcb9fdef8 points into unknown readable memory: 0x00007ffb4b06ddcb | cb dd 06 4b fb 7f 00 00
RBP=0x000000efcb9fe0d0 points into unknown readable memory: 0x000001f4e18b1c70 | 70 1c 8b e1 f4 01 00 00
RSI=0x000000efcb3fd370 is pointing into the stack for thread: 0x000001f4e4d0fa10
RDI=0x000000efcb3fd370 is pointing into the stack for thread: 0x000001f4e4d0fa10
R8 =0x000001f50072d127 is an unknown value
R9 =0x000000efcb3fd370 is pointing into the stack for thread: 0x000001f4e4d0fa10
R10=0x000001f4c8bb6540 points into unknown readable memory: 0x00007ffb4b73a668 | 68 a6 73 4b fb 7f 00 00
R11=0x000000efcb9fe158 points into unknown readable memory: 0x00007ffb4b02b6f5 | f5 b6 02 4b fb 7f 00 00
R12=0x0 is null
R13=0x000000efcb3fd370 is pointing into the stack for thread: 0x000001f4e4d0fa10
R14=0x000001f4e55bf170 points into unknown readable memory: 0x00007ffb4b7418f8 | f8 18 74 4b fb 7f 00 00
R15=0x000001f50072d127 is an unknown value

Top of Stack: (sp=0x000000efcb9fdef8)
0x000000efcb9fdef8:   00007ffb4b06ddcb 000001f4e18b8010
0x000000efcb9fdf08:   0000000000000000 00000000000002ec
0x000000efcb9fdf18:   0000000000000002 000000efcb9fe048
0x000000efcb9fdf28:   000000efcb9fe0d0 0000000000000004
0x000000efcb9fdf38:   00007ffb4b4aee90 0000000000000009
0x000000efcb9fdf48:   0000000000000008 000001f4e558dd08
0x000000efcb9fdf58:   0000000000000003 0000000000000003
0x000000efcb9fdf68:   000001f4e174ea50 0000000000000000
0x000000efcb9fdf78:   000000efcb3fd370 000000efcb3fd370
0x000000efcb9fdf88:   000000efcb9fe0d0 000001f4e40e0118
0x000000efcb9fdf98:   00007ffb4b07c63d 000000efcb9fe068
0x000000efcb9fdfa8:   000000efcb9fe2a0 000001f480480090
0x000000efcb9fdfb8:   0000000000000000 000001f4e40e0118
0x000000efcb9fdfc8:   00007ffb4b02bc9b 0000000000000001
0x000000efcb9fdfd8:   000000efcb9fe2a0 000001f4e40e0118
0x000000efcb9fdfe8:   000000efcb9fe2a0 0000000fd2918701
0x000000efcb9fdff8:   000001f4800b6430 000001f4e18b8010
0x000000efcb9fe008:   000001f4dca6da50 000001f4805441e8
0x000000efcb9fe018:   00000000000003d8 000001f4dca6da60
0x000000efcb9fe028:   000001f4dca6de38 000001f48072d127
0x000000efcb9fe038:   000001f4000000b8 000001f4800b6430
0x000000efcb9fe048:   00007ffb4b739020 000001f4e558dd08
0x000000efcb9fe058:   00007ffb4b07c892 0000000400000002
0x000000efcb9fe068:   000001f4805441e8 0000001300000001
0x000000efcb9fe078:   0000000000000032 000000010000000c
0x000000efcb9fe088:   000001f480480090 0000000000000000
0x000000efcb9fe098:   0000000000000000 0000000000000960
0x000000efcb9fe0a8:   0000000000000000 000001f4e55ca5d4
0x000000efcb9fe0b8:   000000ef00000006 0000000500000003
0x000000efcb9fe0c8:   0000ffff0968de00 000001f4e18b1c70
0x000000efcb9fe0d8:   000001f4e558dd08 00000000000003d8
0x000000efcb9fe0e8:   000001f4dca6de38 000001f4e558dd08 

Instructions: (pc=0x00007ffb4ad1c8a6)
0x00007ffb4ad1c7a6:   37 48 8b d8 48 3b c1 75 e4 48 8b 5c 24 30 48 8b
0x00007ffb4ad1c7b6:   6c 24 38 48 8b 74 24 40 48 83 c4 20 5f c3 cc cc
0x00007ffb4ad1c7c6:   cc cc cc cc cc cc cc cc cc cc 8b 05 d2 f7 c1 00
0x00007ffb4ad1c7d6:   c3 cc cc cc cc cc cc cc cc cc 0f b6 05 4a 0f c2
0x00007ffb4ad1c7e6:   00 48 8b d1 84 c0 74 16 44 8b 41 08 8b 0d b0 f7
0x00007ffb4ad1c7f6:   c1 00 49 d3 e0 4c 03 05 9e f7 c1 00 eb 04 4c 8b
0x00007ffb4ad1c806:   41 08 45 8b 48 08 45 85 c9 7e 0e 41 f6 c1 01 75
0x00007ffb4ad1c816:   53 41 c1 f9 03 49 63 c1 c3 79 49 84 c0 41 b8 0c
0x00007ffb4ad1c826:   00 00 00 8b 05 d9 08 c2 00 b9 10 00 00 00 41 0f
0x00007ffb4ad1c836:   45 c8 ff c8 4c 63 c0 41 8b c1 48 c1 f8 10 0f b6
0x00007ffb4ad1c846:   c0 48 63 14 11 41 8b c9 83 e1 3f 48 d3 e2 49 8d
0x00007ffb4ad1c856:   0c 10 49 f7 d0 48 03 c1 49 c1 e8 03 48 c1 e8 03
0x00007ffb4ad1c866:   49 23 c0 c3 49 8b 00 49 8b c8 48 ff a0 00 01 00
0x00007ffb4ad1c876:   00 cc cc cc cc cc cc cc cc cc 8b 44 24 30 45 03
0x00007ffb4ad1c886:   c9 44 2b 4c 24 28 83 c0 0b 44 03 ca 45 03 c8 41
0x00007ffb4ad1c896:   03 c1 c3 cc cc cc cc cc cc cc 4c 8b c2 48 8b d1
0x00007ffb4ad1c8a6:   45 8b 48 08 45 85 c9 7e 0e 41 f6 c1 01 75 56 41
0x00007ffb4ad1c8b6:   c1 f9 03 49 63 c1 c3 79 4c 80 3d 6b 0e c2 00 00
0x00007ffb4ad1c8c6:   b8 0c 00 00 00 b9 10 00 00 00 0f 45 c8 8b 05 2f
0x00007ffb4ad1c8d6:   08 c2 00 ff c8 4c 63 c0 41 8b c1 48 c1 f8 10 48
0x00007ffb4ad1c8e6:   63 14 11 41 8b c9 83 e1 3f 0f b6 c0 48 d3 e2 49
0x00007ffb4ad1c8f6:   8d 0c 10 49 f7 d0 48 03 c1 49 c1 e8 03 48 c1 e8
0x00007ffb4ad1c906:   03 49 23 c0 c3 49 8b 00 49 8b c8 48 ff a0 00 01
0x00007ffb4ad1c916:   00 00 cc cc cc cc cc cc cc cc 48 8b 41 08 0f b7
0x00007ffb4ad1c926:   48 2c 0f b7 40 2a 83 c0 48 03 c1 c3 cc cc cc cc
0x00007ffb4ad1c936:   cc cc cc cc cc cc cc cc cc cc 48 89 5c 24 08 57
0x00007ffb4ad1c946:   48 83 ec 20 0f b6 05 2f 03 cd 00 48 8b fa 48 8b
0x00007ffb4ad1c956:   d9 84 c0 74 4f 48 85 15 d6 fa cc 00 74 38 48 8b
0x00007ffb4ad1c966:   ca e8 14 43 8d 00 48 8b d0 48 85 db 74 25 48 85
0x00007ffb4ad1c976:   c0 74 20 48 8b c7 f0 48 0f b1 13 74 16 48 85 05
0x00007ffb4ad1c986:   ae fa cc 00 74 0d 48 8b c8 f0 48 0f b1 13 48 3b
0x00007ffb4ad1c996:   c1 75 ea 48 8b fa 48 8b c7 48 8b 5c 24 30 48 83 


Stack slot to memory mapping:

stack at sp + 0 slots: 0x00007ffb4b06ddcb jvm.dll
stack at sp + 1 slots: 0x000001f4e18b8010 points into unknown readable memory: 0x00007ffb4b7ef318 | 18 f3 7e 4b fb 7f 00 00
stack at sp + 2 slots: 0x0 is null
stack at sp + 3 slots: 0x00000000000002ec is an unknown value
stack at sp + 4 slots: 0x0000000000000002 is an unknown value
stack at sp + 5 slots: 0x000000efcb9fe048 points into unknown readable memory: 0x00007ffb4b739020 | 20 90 73 4b fb 7f 00 00
stack at sp + 6 slots: 0x000000efcb9fe0d0 points into unknown readable memory: 0x000001f4e18b1c70 | 70 1c 8b e1 f4 01 00 00
stack at sp + 7 slots: 0x0000000000000004 is an unknown value


---------------  P R O C E S S  ---------------

Threads class SMR info:
_java_thread_list=0x000001f4e2459b80, length=35, elements={
0x000001f4dbe25380, 0x000001f4dbe26660, 0x000001f4dbe2a170, 0x000001f4dbe2c7d0,
0x000001f4dbe2d230, 0x000001f4dbe2e660, 0x000001f4dbe38620, 0x000001f4dca656f0,
0x000001f4dcafbf10, 0x000001f4dcafe5a0, 0x000001f4dcb05160, 0x000001f4e1723b00,
0x000001f4e18f31b0, 0x000001f4e19382c0, 0x000001f4e1960720, 0x000001f4e1980a80,
0x000001f4e1bc9740, 0x000001f4e1e8ff70, 0x000001f4e1e90c90, 0x000001f4e1e92d60,
0x000001f4e3cb9530, 0x000001f4e4d100a0, 0x000001f4e1e92040, 0x000001f4e4d155f0,
0x000001f4e4d10dc0, 0x000001f4e4d13bb0, 0x000001f4e4d14240, 0x000001f4e4d0dfd0,
0x000001f4e3cb8180, 0x000001f4e4d0ecf0, 0x000001f4e4d0fa10, 0x000001f4e4d148d0,
0x000001f4e4d10730, 0x000001f4e4d12800, 0x000001f4e4d11ae0
}

Java Threads: ( => current thread )
  0x000001f4dbe25380 JavaThread "Reference Handler"          daemon [_thread_blocked, id=5492, stack(0x000000efcaa00000,0x000000efcab00000) (1024K)]
  0x000001f4dbe26660 JavaThread "Finalizer"                  daemon [_thread_blocked, id=18364, stack(0x000000efcab00000,0x000000efcac00000) (1024K)]
  0x000001f4dbe2a170 JavaThread "Signal Dispatcher"          daemon [_thread_blocked, id=9596, stack(0x000000efcac00000,0x000000efcad00000) (1024K)]
  0x000001f4dbe2c7d0 JavaThread "Attach Listener"            daemon [_thread_blocked, id=10468, stack(0x000000efcad00000,0x000000efcae00000) (1024K)]
  0x000001f4dbe2d230 JavaThread "Service Thread"             daemon [_thread_blocked, id=11924, stack(0x000000efcae00000,0x000000efcaf00000) (1024K)]
  0x000001f4dbe2e660 JavaThread "Monitor Deflation Thread"   daemon [_thread_blocked, id=10104, stack(0x000000efcaf00000,0x000000efcb000000) (1024K)]
  0x000001f4dbe38620 JavaThread "C1 CompilerThread0"         daemon [_thread_blocked, id=9924, stack(0x000000efcb000000,0x000000efcb100000) (1024K)]
  0x000001f4dca656f0 JavaThread "Common-Cleaner"             daemon [_thread_blocked, id=18528, stack(0x000000efcb100000,0x000000efcb200000) (1024K)]
  0x000001f4dcafbf10 JavaThread "JDWP Transport Listener: dt_socket" daemon [_thread_blocked, id=7828, stack(0x000000efcb500000,0x000000efcb600000) (1024K)]
  0x000001f4dcafe5a0 JavaThread "JDWP Event Helper Thread"   daemon [_thread_blocked, id=6972, stack(0x000000efcb600000,0x000000efcb700000) (1024K)]
  0x000001f4dcb05160 JavaThread "JDWP Command Reader"        daemon [_thread_in_native, id=10764, stack(0x000000efcb700000,0x000000efcb800000) (1024K)]
  0x000001f4e1723b00 JavaThread "Notification Thread"        daemon [_thread_blocked, id=8704, stack(0x000000efcb800000,0x000000efcb900000) (1024K)]
  0x000001f4e18f31b0 JavaThread "RMI TCP Accept-0"           daemon [_thread_in_native, id=12908, stack(0x000000efcc000000,0x000000efcc100000) (1024K)]
  0x000001f4e19382c0 JavaThread "RMI TCP Accept-63881"       daemon [_thread_in_native, id=12816, stack(0x000000efcc100000,0x000000efcc200000) (1024K)]
  0x000001f4e1960720 JavaThread "RMI TCP Accept-0"           daemon [_thread_in_native, id=20100, stack(0x000000efcc200000,0x000000efcc300000) (1024K)]
  0x000001f4e1980a80 JavaThread "RMI Scheduler(0)"           daemon [_thread_blocked, id=20364, stack(0x000000efcc400000,0x000000efcc500000) (1024K)]
  0x000001f4e1bc9740 JavaThread "JMX server connection timeout 46" daemon [_thread_blocked, id=15220, stack(0x000000efcc600000,0x000000efcc700000) (1024K)]
  0x000001f4e1e8ff70 JavaThread "oracle.jdbc.diagnostics.Diagnostic.CLOCK" daemon [_thread_blocked, id=12864, stack(0x000000efcd400000,0x000000efcd500000) (1024K)]
  0x000001f4e1e90c90 JavaThread "oracle.jdbc.driver.BlockSource.ThreadedCachingBlockSource.BlockReleaser" daemon [_thread_blocked, id=1780, stack(0x000000efcd500000,0x000000efcd600000) (1024K)]
  0x000001f4e1e92d60 JavaThread "InterruptTimer"             daemon [_thread_blocked, id=17908, stack(0x000000efcd700000,0x000000efcd800000) (1024K)]
  0x000001f4e3cb9530 JavaThread "Live Reload Server"         daemon [_thread_in_native, id=17768, stack(0x000000efcdc00000,0x000000efcdd00000) (1024K)]
  0x000001f4e4d100a0 JavaThread "DestroyJavaVM"                     [_thread_blocked, id=11420, stack(0x000000efca200000,0x000000efca300000) (1024K)]
  0x000001f4e1e92040 JavaThread "RMI TCP Connection(10)-127.0.0.1" daemon [_thread_in_native, id=14936, stack(0x000000efccc00000,0x000000efccd00000) (1024K)]
  0x000001f4e4d155f0 JavaThread "JMX server connection timeout 97" daemon [_thread_blocked, id=15932, stack(0x000000efcec00000,0x000000efced00000) (1024K)]
  0x000001f4e4d10dc0 JavaThread "RMI TCP Connection(idle)"   daemon [_thread_blocked, id=1008, stack(0x000000efce700000,0x000000efce800000) (1024K)]
  0x000001f4e4d13bb0 JavaThread "Thread-45"                         [_thread_blocked, id=11012, stack(0x000000efca000000,0x000000efca100000) (1024K)]
  0x000001f4e4d14240 JavaThread "File Watcher"               daemon [_thread_blocked, id=14940, stack(0x000000efcb200000,0x000000efcb300000) (1024K)]
  0x000001f4e4d0dfd0 JavaThread "File Watcher"               daemon [_thread_blocked, id=14828, stack(0x000000efc9f00000,0x000000efca000000) (1024K)]
  0x000001f4e3cb8180 JavaThread "File Watcher"               daemon [_thread_blocked, id=5640, stack(0x000000efccd00000,0x000000efcce00000) (1024K)]
  0x000001f4e4d0ecf0 JavaThread "File Watcher"               daemon [_thread_blocked, id=15068, stack(0x000000efcb400000,0x000000efcb500000) (1024K)]
  0x000001f4e4d0fa10 JavaThread "restartedMain"                     [_thread_blocked, id=5944, stack(0x000000efcb300000,0x000000efcb400000) (1024K)]
  0x000001f4e4d148d0 JavaThread "Catalina-utility-1"                [_thread_blocked, id=15300, stack(0x000000efcd100000,0x000000efcd200000) (1024K)]
  0x000001f4e4d10730 JavaThread "Catalina-utility-2"                [_thread_blocked, id=7124, stack(0x000000efcd300000,0x000000efcd400000) (1024K)]
  0x000001f4e4d12800 JavaThread "container-4"                       [_thread_blocked, id=11200, stack(0x000000efcd600000,0x000000efcd700000) (1024K)]
  0x000001f4e4d11ae0 JavaThread "HikariPool-16:housekeeper"  daemon [_thread_blocked, id=18532, stack(0x000000efcd800000,0x000000efcd900000) (1024K)]
Total: 35

Other Threads:
  0x000001f4dbe03c80 VMThread "VM Thread"                           [id=10400, stack(0x000000efca900000,0x000000efcaa00000) (1024K)]
  0x000001f4dbdeea70 WatcherThread "VM Periodic Task Thread"        [id=10776, stack(0x000000efca800000,0x000000efca900000) (1024K)]
  0x000001f4c8c0cd10 WorkerThread "GC Thread#0"                     [id=1560, stack(0x000000efca300000,0x000000efca400000) (1024K)]
=>0x000001f4e18b8010 WorkerThread "GC Thread#1"                     [id=6604, stack(0x000000efcb900000,0x000000efcba00000) (1024K)]
  0x000001f4e18b83b0 WorkerThread "GC Thread#2"                     [id=18372, stack(0x000000efcba00000,0x000000efcbb00000) (1024K)]
  0x000001f4e18b8750 WorkerThread "GC Thread#3"                     [id=7104, stack(0x000000efcbb00000,0x000000efcbc00000) (1024K)]
  0x000001f4e18b8af0 WorkerThread "GC Thread#4"                     [id=3620, stack(0x000000efcbc00000,0x000000efcbd00000) (1024K)]
  0x000001f4e18b96b0 WorkerThread "GC Thread#5"                     [id=17072, stack(0x000000efcbd00000,0x000000efcbe00000) (1024K)]
  0x000001f4e18da3c0 WorkerThread "GC Thread#6"                     [id=2792, stack(0x000000efcbe00000,0x000000efcbf00000) (1024K)]
  0x000001f4e18da760 WorkerThread "GC Thread#7"                     [id=16380, stack(0x000000efcbf00000,0x000000efcc000000) (1024K)]
  0x000001f4e1bfdf60 WorkerThread "GC Thread#8"                     [id=16936, stack(0x000000efcc700000,0x000000efcc800000) (1024K)]
  0x000001f4e1bfe300 WorkerThread "GC Thread#9"                     [id=18424, stack(0x000000efcc800000,0x000000efcc900000) (1024K)]
  0x000001f4e1bfd480 WorkerThread "GC Thread#10"                    [id=18912, stack(0x000000efcc900000,0x000000efcca00000) (1024K)]
  0x000001f4e1bfdbc0 WorkerThread "GC Thread#11"                    [id=12528, stack(0x000000efcca00000,0x000000efccb00000) (1024K)]
  0x000001f4e1bfea40 WorkerThread "GC Thread#12"                    [id=12944, stack(0x000000efccb00000,0x000000efccc00000) (1024K)]
  0x000001f4c8c1e2e0 ConcurrentGCThread "G1 Main Marker"            [id=13984, stack(0x000000efca400000,0x000000efca500000) (1024K)]
  0x000001f4c8c1ecf0 WorkerThread "G1 Conc#0"                       [id=5220, stack(0x000000efca500000,0x000000efca600000) (1024K)]
  0x000001f4e1bfd820 WorkerThread "G1 Conc#1"                       [id=16164, stack(0x000000efccf00000,0x000000efcd000000) (1024K)]
  0x000001f4e1bfe6a0 WorkerThread "G1 Conc#2"                       [id=7544, stack(0x000000efcd000000,0x000000efcd100000) (1024K)]
  0x000001f4c8c5ea30 ConcurrentGCThread "G1 Refine#0"               [id=8196, stack(0x000000efca600000,0x000000efca700000) (1024K)]
  0x000001f4dbcc2570 ConcurrentGCThread "G1 Service"                [id=5496, stack(0x000000efca700000,0x000000efca800000) (1024K)]
Total: 21

Threads with active compile tasks:
Total: 0

VM state: at safepoint (normal execution)

VM Mutex/Monitor currently owned by a thread:  ([mutex/lock_event])
[0x00007ffb4b9c10c8] Threads_lock - owner thread: 0x000001f4dbe03c80
[0x00007ffb4b9c11c8] Heap_lock - owner thread: 0x000001f4e4d0ecf0

Heap address: 0x0000000702600000, size: 4058 MB, Compressed Oops mode: Zero based, Oop shift amount: 3

CDS archive(s) mapped at: [0x000001f480000000-0x000001f480c90000-0x000001f480c90000), size 13172736, SharedBaseAddress: 0x000001f480000000, ArchiveRelocationMode: 1.
Compressed class space mapped at: 0x000001f481000000-0x000001f4c1000000, reserved size: 1073741824
Narrow klass base: 0x000001f480000000, Narrow klass shift: 0, Narrow klass range: 0x100000000

GC Precious Log:
 CardTable entry size: 512
 Card Set container configuration: InlinePtr #cards 4 size 8 Array Of Cards #cards 16 size 48 Howl #buckets 8 coarsen threshold 3686 Howl Bitmap #cards 512 size 80 coarsen threshold 460 Card regions per heap region 1 cards per card region 4096
 CPUs: 16 total, 16 available
 Memory: 16227M
 Large Page Support: Disabled
 NUMA Support: Disabled
 Compressed Oops: Enabled (Zero based)
 Heap Region Size: 2M
 Heap Min Capacity: 8M
 Heap Initial Capacity: 254M
 Heap Max Capacity: 4058M
 Pre-touch: Disabled
 Parallel Workers: 13
 Concurrent Workers: 3
 Concurrent Refinement Workers: 13
 Periodic GC: Disabled

Heap:
 garbage-first heap   total 159744K, used 138511K [0x0000000702600000, 0x0000000800000000)
  region size 2048K, 42 young (86016K), 3 survivors (6144K)
 Metaspace       used 94268K, committed 95424K, reserved 1179648K
  class space    used 12552K, committed 13184K, reserved 1048576K

Heap Regions: E=young(eden), S=young(survivor), O=old, HS=humongous(starts), HC=humongous(continues), CS=collection set, F=free, TAMS=top-at-mark-start, PB=parsable bottom
|   0|0x0000000702600000, 0x00000007027ffff0, 0x0000000702800000| 99%| O|  |TAMS 0x00000007027ffff0| PB 0x0000000702600000| Untracked 
|   1|0x0000000702800000, 0x0000000702a00000, 0x0000000702a00000|100%| O|  |TAMS 0x0000000702a00000| PB 0x0000000702800000| Untracked 
|   2|0x0000000702a00000, 0x0000000702c00000, 0x0000000702c00000|100%| O|  |TAMS 0x0000000702c00000| PB 0x0000000702a00000| Untracked 
|   3|0x0000000702c00000, 0x0000000702dfffe8, 0x0000000702e00000| 99%| O|  |TAMS 0x0000000702dfffe8| PB 0x0000000702c00000| Untracked 
|   4|0x0000000702e00000, 0x0000000702fffff8, 0x0000000703000000| 99%| O|  |TAMS 0x0000000702fffff8| PB 0x0000000702e00000| Untracked 
|   5|0x0000000703000000, 0x00000007031fffe0, 0x0000000703200000| 99%| O|  |TAMS 0x00000007031fffe0| PB 0x0000000703000000| Untracked 
|   6|0x0000000703200000, 0x0000000703400000, 0x0000000703400000|100%| O|  |TAMS 0x0000000703400000| PB 0x0000000703200000| Untracked 
|   7|0x0000000703400000, 0x00000007035fffe0, 0x0000000703600000| 99%| O|  |TAMS 0x00000007035fffe0| PB 0x0000000703400000| Untracked 
|   8|0x0000000703600000, 0x00000007037ffff8, 0x0000000703800000| 99%| O|  |TAMS 0x00000007037ffff8| PB 0x0000000703600000| Untracked 
|   9|0x0000000703800000, 0x00000007039ffff0, 0x0000000703a00000| 99%| O|  |TAMS 0x00000007039ffff0| PB 0x0000000703800000| Untracked 
|  10|0x0000000703a00000, 0x0000000703bfe010, 0x0000000703c00000| 99%| O|  |TAMS 0x0000000703bfe010| PB 0x0000000703a00000| Untracked 
|  11|0x0000000703c00000, 0x0000000703e00000, 0x0000000703e00000|100%| O|  |TAMS 0x0000000703e00000| PB 0x0000000703c00000| Untracked 
|  12|0x0000000703e00000, 0x0000000703ffff98, 0x0000000704000000| 99%| O|  |TAMS 0x0000000703ffff98| PB 0x0000000703e00000| Untracked 
|  13|0x0000000704000000, 0x00000007041ffff0, 0x0000000704200000| 99%| O|  |TAMS 0x00000007041ffff0| PB 0x0000000704000000| Untracked 
|  14|0x0000000704200000, 0x00000007043da088, 0x0000000704400000| 92%| O|  |TAMS 0x00000007043da088| PB 0x0000000704200000| Untracked 
|  15|0x0000000704400000, 0x00000007044b1988, 0x0000000704600000| 34%| O|  |TAMS 0x00000007044b1988| PB 0x0000000704400000| Untracked 
|  16|0x0000000704600000, 0x000000070471cf50, 0x0000000704800000| 55%| O|  |TAMS 0x000000070471cf50| PB 0x0000000704600000| Untracked 
|  17|0x0000000704800000, 0x0000000704a00000, 0x0000000704a00000|100%| O|  |TAMS 0x0000000704a00000| PB 0x0000000704800000| Untracked 
|  18|0x0000000704a00000, 0x0000000704c00000, 0x0000000704c00000|100%| O|  |TAMS 0x0000000704c00000| PB 0x0000000704a00000| Untracked 
|  19|0x0000000704c00000, 0x0000000704e00000, 0x0000000704e00000|100%| O|  |TAMS 0x0000000704e00000| PB 0x0000000704c00000| Untracked 
|  20|0x0000000704e00000, 0x0000000705000000, 0x0000000705000000|100%| O|  |TAMS 0x0000000705000000| PB 0x0000000704e00000| Untracked 
|  21|0x0000000705000000, 0x0000000705200000, 0x0000000705200000|100%| O|  |TAMS 0x0000000705200000| PB 0x0000000705000000| Untracked 
|  22|0x0000000705200000, 0x0000000705400000, 0x0000000705400000|100%| O|  |TAMS 0x0000000705200000| PB 0x0000000705200000| Untracked 
|  23|0x0000000705400000, 0x0000000705600000, 0x0000000705600000|100%| O|  |TAMS 0x00000007055c0b80| PB 0x0000000705400000| Untracked 
|  24|0x0000000705600000, 0x0000000705800000, 0x0000000705800000|100%| O|  |TAMS 0x0000000705600000| PB 0x0000000705600000| Untracked 
|  25|0x0000000705800000, 0x0000000705a00000, 0x0000000705a00000|100%| O|  |TAMS 0x0000000705a00000| PB 0x0000000705800000| Untracked 
|  26|0x0000000705a00000, 0x0000000705c00000, 0x0000000705c00000|100%| O|  |TAMS 0x0000000705c00000| PB 0x0000000705a00000| Untracked 
|  27|0x0000000705c00000, 0x0000000705e00000, 0x0000000705e00000|100%| O|  |TAMS 0x0000000705e00000| PB 0x0000000705c00000| Untracked 
|  28|0x0000000705e00000, 0x0000000705e64950, 0x0000000706000000| 19%| O|  |TAMS 0x0000000705e00000| PB 0x0000000705e00000| Untracked 
|  29|0x0000000706000000, 0x0000000706000000, 0x0000000706200000|  0%| F|  |TAMS 0x0000000706000000| PB 0x0000000706000000| Untracked 
|  30|0x0000000706200000, 0x0000000706200000, 0x0000000706400000|  0%| F|  |TAMS 0x0000000706200000| PB 0x0000000706200000| Untracked 
|  31|0x0000000706400000, 0x0000000706400000, 0x0000000706600000|  0%| F|  |TAMS 0x0000000706400000| PB 0x0000000706400000| Untracked 
|  32|0x0000000706600000, 0x00000007066d27a8, 0x0000000706800000| 41%| S|  |TAMS 0x0000000706600000| PB 0x0000000706600000| Complete 
|  33|0x0000000706800000, 0x00000007069dc908, 0x0000000706a00000| 93%| E|CS|TAMS 0x0000000706800000| PB 0x0000000706800000| Complete 
|  34|0x0000000706a00000, 0x0000000706c00000, 0x0000000706c00000|100%| E|CS|TAMS 0x0000000706a00000| PB 0x0000000706a00000| Complete 
|  35|0x0000000706c00000, 0x0000000706e00000, 0x0000000706e00000|100%| S|  |TAMS 0x0000000706c00000| PB 0x0000000706c00000| Complete 
|  36|0x0000000706e00000, 0x0000000707000000, 0x0000000707000000|100%| S|  |TAMS 0x0000000706e00000| PB 0x0000000706e00000| Complete 
|  37|0x0000000707000000, 0x0000000707200000, 0x0000000707200000|100%| E|CS|TAMS 0x0000000707000000| PB 0x0000000707000000| Complete 
|  38|0x0000000707200000, 0x0000000707400000, 0x0000000707400000|100%| E|CS|TAMS 0x0000000707200000| PB 0x0000000707200000| Complete 
|  39|0x0000000707400000, 0x0000000707600000, 0x0000000707600000|100%| E|CS|TAMS 0x0000000707400000| PB 0x0000000707400000| Complete 
|  40|0x0000000707600000, 0x0000000707800000, 0x0000000707800000|100%| E|CS|TAMS 0x0000000707600000| PB 0x0000000707600000| Complete 
|  41|0x0000000707800000, 0x0000000707a00000, 0x0000000707a00000|100%| E|CS|TAMS 0x0000000707800000| PB 0x0000000707800000| Complete 
|  42|0x0000000707a00000, 0x0000000707c00000, 0x0000000707c00000|100%| E|CS|TAMS 0x0000000707a00000| PB 0x0000000707a00000| Complete 
|  43|0x0000000707c00000, 0x0000000707e00000, 0x0000000707e00000|100%| E|CS|TAMS 0x0000000707c00000| PB 0x0000000707c00000| Complete 
|  44|0x0000000707e00000, 0x0000000708000000, 0x0000000708000000|100%| E|CS|TAMS 0x0000000707e00000| PB 0x0000000707e00000| Complete 
|  45|0x0000000708000000, 0x0000000708200000, 0x0000000708200000|100%| E|CS|TAMS 0x0000000708000000| PB 0x0000000708000000| Complete 
|  46|0x0000000708200000, 0x0000000708400000, 0x0000000708400000|100%| E|CS|TAMS 0x0000000708200000| PB 0x0000000708200000| Complete 
|  47|0x0000000708400000, 0x0000000708600000, 0x0000000708600000|100%| E|CS|TAMS 0x0000000708400000| PB 0x0000000708400000| Complete 
|  48|0x0000000708600000, 0x0000000708800000, 0x0000000708800000|100%| E|CS|TAMS 0x0000000708600000| PB 0x0000000708600000| Complete 
|  49|0x0000000708800000, 0x0000000708a00000, 0x0000000708a00000|100%| E|CS|TAMS 0x0000000708800000| PB 0x0000000708800000| Complete 
|  50|0x0000000708a00000, 0x0000000708c00000, 0x0000000708c00000|100%| E|CS|TAMS 0x0000000708a00000| PB 0x0000000708a00000| Complete 
|  51|0x0000000708c00000, 0x0000000708e00000, 0x0000000708e00000|100%| E|CS|TAMS 0x0000000708c00000| PB 0x0000000708c00000| Complete 
|  52|0x0000000708e00000, 0x0000000709000000, 0x0000000709000000|100%| E|CS|TAMS 0x0000000708e00000| PB 0x0000000708e00000| Complete 
|  53|0x0000000709000000, 0x0000000709200000, 0x0000000709200000|100%| E|CS|TAMS 0x0000000709000000| PB 0x0000000709000000| Complete 
|  54|0x0000000709200000, 0x0000000709400000, 0x0000000709400000|100%| E|CS|TAMS 0x0000000709200000| PB 0x0000000709200000| Complete 
|  55|0x0000000709400000, 0x0000000709600000, 0x0000000709600000|100%| E|CS|TAMS 0x0000000709400000| PB 0x0000000709400000| Complete 
|  56|0x0000000709600000, 0x0000000709800000, 0x0000000709800000|100%| E|CS|TAMS 0x0000000709600000| PB 0x0000000709600000| Complete 
|  57|0x0000000709800000, 0x0000000709a00000, 0x0000000709a00000|100%| E|CS|TAMS 0x0000000709800000| PB 0x0000000709800000| Complete 
|  58|0x0000000709a00000, 0x0000000709c00000, 0x0000000709c00000|100%| E|CS|TAMS 0x0000000709a00000| PB 0x0000000709a00000| Complete 
|  59|0x0000000709c00000, 0x0000000709e00000, 0x0000000709e00000|100%| E|CS|TAMS 0x0000000709c00000| PB 0x0000000709c00000| Complete 
|  60|0x0000000709e00000, 0x000000070a000000, 0x000000070a000000|100%| E|CS|TAMS 0x0000000709e00000| PB 0x0000000709e00000| Complete 
|  61|0x000000070a000000, 0x000000070a200000, 0x000000070a200000|100%| E|CS|TAMS 0x000000070a000000| PB 0x000000070a000000| Complete 
|  62|0x000000070a200000, 0x000000070a400000, 0x000000070a400000|100%| E|CS|TAMS 0x000000070a200000| PB 0x000000070a200000| Complete 
|  63|0x000000070a400000, 0x000000070a600000, 0x000000070a600000|100%| E|CS|TAMS 0x000000070a400000| PB 0x000000070a400000| Complete 
|  64|0x000000070a600000, 0x000000070a800000, 0x000000070a800000|100%| E|CS|TAMS 0x000000070a600000| PB 0x000000070a600000| Complete 
|  65|0x000000070a800000, 0x000000070aa00000, 0x000000070aa00000|100%| E|CS|TAMS 0x000000070a800000| PB 0x000000070a800000| Complete 
|  66|0x000000070aa00000, 0x000000070ac00000, 0x000000070ac00000|100%| E|CS|TAMS 0x000000070aa00000| PB 0x000000070aa00000| Complete 
|  67|0x000000070ac00000, 0x000000070ae00000, 0x000000070ae00000|100%| E|CS|TAMS 0x000000070ac00000| PB 0x000000070ac00000| Complete 
|  68|0x000000070ae00000, 0x000000070b000000, 0x000000070b000000|100%| E|CS|TAMS 0x000000070ae00000| PB 0x000000070ae00000| Complete 
|  69|0x000000070b000000, 0x000000070b200000, 0x000000070b200000|100%| E|CS|TAMS 0x000000070b000000| PB 0x000000070b000000| Complete 
|  70|0x000000070b200000, 0x000000070b400000, 0x000000070b400000|100%| E|CS|TAMS 0x000000070b200000| PB 0x000000070b200000| Complete 
|  71|0x000000070b400000, 0x000000070b600000, 0x000000070b600000|100%| E|CS|TAMS 0x000000070b400000| PB 0x000000070b400000| Complete 
|  72|0x000000070b600000, 0x000000070b800000, 0x000000070b800000|100%| E|CS|TAMS 0x000000070b600000| PB 0x000000070b600000| Complete 
|  73|0x000000070b800000, 0x000000070ba00000, 0x000000070ba00000|100%| E|CS|TAMS 0x000000070b800000| PB 0x000000070b800000| Complete 
|  74|0x000000070ba00000, 0x000000070bc00000, 0x000000070bc00000|100%| E|CS|TAMS 0x000000070ba00000| PB 0x000000070ba00000| Complete 
|  75|0x000000070bc00000, 0x000000070be00000, 0x000000070be00000|100%| E|CS|TAMS 0x000000070bc00000| PB 0x000000070bc00000| Complete 
|  76|0x000000070be00000, 0x000000070c000000, 0x000000070c000000|100%| E|CS|TAMS 0x000000070be00000| PB 0x000000070be00000| Complete 
|  77|0x000000070c000000, 0x000000070c200000, 0x000000070c200000|100%| E|CS|TAMS 0x000000070c000000| PB 0x000000070c000000| Complete 

Card table byte_map: [0x000001f4d50d0000,0x000001f4d58c0000] _byte_map_base: 0x000001f4d18bd000

Marking Bits: (CMBitMap*) 0x000001f4c8c0d320
 Bits: [0x000001f4d58c0000, 0x000001f4d9828000)

Polling page: 0x000001f4c8360000

Metaspace:

Usage:
  Non-class:     79.80 MB used.
      Class:     12.26 MB used.
       Both:     92.06 MB used.

Virtual space:
  Non-class space:      128.00 MB reserved,      80.31 MB ( 63%) committed,  2 nodes.
      Class space:        1.00 GB reserved,      12.88 MB (  1%) committed,  1 nodes.
             Both:        1.12 GB reserved,      93.19 MB (  8%) committed. 

Chunk freelists:
   Non-Class:  15.60 MB
       Class:  3.22 MB
        Both:  18.82 MB

MaxMetaspaceSize: unlimited
CompressedClassSpaceSize: 1.00 GB
Initial GC threshold: 21.00 MB
Current GC threshold: 158.75 MB
CDS: on
 - commit_granule_bytes: 65536.
 - commit_granule_words: 8192.
 - virtual_space_node_default_size: 8388608.
 - enlarge_chunks_in_place: 1.
 - use_allocation_guard: 0.


Internal statistics:

num_allocs_failed_limit: 9.
num_arena_births: 3682.
num_arena_deaths: 2440.
num_vsnodes_births: 3.
num_vsnodes_deaths: 0.
num_space_committed: 1545.
num_space_uncommitted: 26.
num_chunks_returned_to_freelist: 4044.
num_chunks_taken_from_freelist: 9035.
num_chunk_merges: 783.
num_chunk_splits: 4521.
num_chunks_enlarged: 3054.
num_inconsistent_stats: 0.

CodeCache: size=49152Kb used=21507Kb max_used=32961Kb free=27644Kb
 bounds [0x000001f4d1270000, 0x000001f4d3380000, 0x000001f4d4270000]
 total_blobs=10644 nmethods=9811 adapters=756
 compilation: enabled
              stopped_count=0, restarted_count=0
 full_count=0

Compilation events (20 events):
Event: 6090.634 Thread 0x000001f4dbe38620 nmethod 28619 0x000001f4d2810c90 code [0x000001f4d2810e40, 0x000001f4d2810f48]
Event: 6090.636 Thread 0x000001f4e500b730 nmethod 28618 0x000001f4d2c09a10 code [0x000001f4d2c0a1a0, 0x000001f4d2c0c198]
Event: 6091.327 Thread 0x000001f4e5010220 28620       1       java.util.concurrent.LinkedTransferQueue$DualNode::checkForUniprocessor (37 bytes)
Event: 6091.328 Thread 0x000001f4e5010220 nmethod 28620 0x000001f4d2810810 code [0x000001f4d28109c0, 0x000001f4d2810b20]
Event: 6096.360 Thread 0x000001f4dbe38620 28621       1       sun.nio.fs.NativeBuffer$Deallocator::run (11 bytes)
Event: 6096.360 Thread 0x000001f4dbe38620 nmethod 28621 0x000001f4d2db8410 code [0x000001f4d2db85c0, 0x000001f4d2db8720]
Event: 6107.901 Thread 0x000001f4dbe38620 28622       1       org.eclipse.jdt.launching.internal.org.objectweb.asm.AnnotationWriter::visit (935 bytes)
Event: 6107.902 Thread 0x000001f4dbe38620 nmethod 28622 0x000001f4d2db5110 code [0x000001f4d2db5580, 0x000001f4d2db6d30]
Event: 6110.245 Thread 0x000001f4dbe38620 28623       1       java.net.SocketImpl::getInetAddress (5 bytes)
Event: 6110.245 Thread 0x000001f4dbe38620 nmethod 28623 0x000001f4d1539090 code [0x000001f4d1539220, 0x000001f4d15392f0]
Event: 6110.245 Thread 0x000001f4dbe38620 28624       1       java.io.InputStream::markSupported (2 bytes)
Event: 6110.245 Thread 0x000001f4dbe38620 nmethod 28624 0x000001f4d2549610 code [0x000001f4d25497a0, 0x000001f4d2549868]
Event: 6110.245 Thread 0x000001f4dbe38620 28625       1       java.net.Socket::isConnected (8 bytes)
Event: 6110.245 Thread 0x000001f4dbe38620 nmethod 28625 0x000001f4d2549310 code [0x000001f4d25494a0, 0x000001f4d2549580]
Event: 6110.245 Thread 0x000001f4dbe38620 28626       1       java.net.SocketImpl::getPort (5 bytes)
Event: 6110.245 Thread 0x000001f4dbe38620 nmethod 28626 0x000001f4d2549010 code [0x000001f4d25491a0, 0x000001f4d2549268]
Event: 6110.245 Thread 0x000001f4dbe38620 28627       1       sun.rmi.transport.tcp.TCPEndpoint::getClientSocketFactory (5 bytes)
Event: 6110.245 Thread 0x000001f4dbe38620 nmethod 28627 0x000001f4d2548d10 code [0x000001f4d2548ea0, 0x000001f4d2548f70]
Event: 6110.245 Thread 0x000001f4dbe38620 28628       1       sun.rmi.transport.tcp.TCPEndpoint::getServerSocketFactory (5 bytes)
Event: 6110.245 Thread 0x000001f4dbe38620 nmethod 28628 0x000001f4d2548a10 code [0x000001f4d2548ba0, 0x000001f4d2548c70]

GC Heap History (20 events):
Event: 6051.961 GC heap after
{Heap after GC invocations=107 (full 11):
 garbage-first heap   total 131072K, used 47370K [0x0000000702600000, 0x0000000800000000)
  region size 2048K, 4 young (8192K), 4 survivors (8192K)
 Metaspace       used 92364K, committed 94400K, reserved 1179648K
  class space    used 12388K, committed 13184K, reserved 1048576K
}
Event: 6052.282 GC heap before
{Heap before GC invocations=107 (full 11):
 garbage-first heap   total 131072K, used 102666K [0x0000000702600000, 0x0000000800000000)
  region size 2048K, 33 young (67584K), 4 survivors (8192K)
 Metaspace       used 92588K, committed 94400K, reserved 1179648K
  class space    used 12411K, committed 13184K, reserved 1048576K
}
Event: 6052.284 GC heap after
{Heap after GC invocations=108 (full 11):
 garbage-first heap   total 131072K, used 49332K [0x0000000702600000, 0x0000000800000000)
  region size 2048K, 4 young (8192K), 4 survivors (8192K)
 Metaspace       used 92588K, committed 94400K, reserved 1179648K
  class space    used 12411K, committed 13184K, reserved 1048576K
}
Event: 6062.080 GC heap before
{Heap before GC invocations=109 (full 11):
 garbage-first heap   total 131072K, used 108724K [0x0000000702600000, 0x0000000800000000)
  region size 2048K, 33 young (67584K), 4 survivors (8192K)
 Metaspace       used 92774K, committed 94400K, reserved 1179648K
  class space    used 12425K, committed 13184K, reserved 1048576K
}
Event: 6062.083 GC heap after
{Heap after GC invocations=110 (full 11):
 garbage-first heap   total 131072K, used 50715K [0x0000000702600000, 0x0000000800000000)
  region size 2048K, 3 young (6144K), 3 survivors (6144K)
 Metaspace       used 92774K, committed 94400K, reserved 1179648K
  class space    used 12425K, committed 13184K, reserved 1048576K
}
Event: 6062.432 GC heap before
{Heap before GC invocations=110 (full 11):
 garbage-first heap   total 131072K, used 110107K [0x0000000702600000, 0x0000000800000000)
  region size 2048K, 32 young (65536K), 3 survivors (6144K)
 Metaspace       used 92938K, committed 94400K, reserved 1179648K
  class space    used 12447K, committed 13184K, reserved 1048576K
}
Event: 6062.435 GC heap after
{Heap after GC invocations=111 (full 11):
 garbage-first heap   total 131072K, used 53690K [0x0000000702600000, 0x0000000800000000)
  region size 2048K, 4 young (8192K), 4 survivors (8192K)
 Metaspace       used 92938K, committed 94400K, reserved 1179648K
  class space    used 12447K, committed 13184K, reserved 1048576K
}
Event: 6062.686 GC heap before
{Heap before GC invocations=111 (full 11):
 garbage-first heap   total 131072K, used 108986K [0x0000000702600000, 0x0000000800000000)
  region size 2048K, 31 young (63488K), 4 survivors (8192K)
 Metaspace       used 93134K, committed 94400K, reserved 1179648K
  class space    used 12464K, committed 13184K, reserved 1048576K
}
Event: 6062.688 GC heap after
{Heap after GC invocations=112 (full 11):
 garbage-first heap   total 131072K, used 55301K [0x0000000702600000, 0x0000000800000000)
  region size 2048K, 3 young (6144K), 3 survivors (6144K)
 Metaspace       used 93134K, committed 94400K, reserved 1179648K
  class space    used 12464K, committed 13184K, reserved 1048576K
}
Event: 6070.483 GC heap before
{Heap before GC invocations=113 (full 11):
 garbage-first heap   total 133120K, used 112645K [0x0000000702600000, 0x0000000800000000)
  region size 2048K, 31 young (63488K), 3 survivors (6144K)
 Metaspace       used 93265K, committed 94592K, reserved 1179648K
  class space    used 12457K, committed 13184K, reserved 1048576K
}
Event: 6070.486 GC heap after
{Heap after GC invocations=114 (full 11):
 garbage-first heap   total 133120K, used 57358K [0x0000000702600000, 0x0000000800000000)
  region size 2048K, 3 young (6144K), 3 survivors (6144K)
 Metaspace       used 93265K, committed 94592K, reserved 1179648K
  class space    used 12457K, committed 13184K, reserved 1048576K
}
Event: 6070.822 GC heap before
{Heap before GC invocations=114 (full 11):
 garbage-first heap   total 133120K, used 114702K [0x0000000702600000, 0x0000000800000000)
  region size 2048K, 31 young (63488K), 3 survivors (6144K)
 Metaspace       used 93321K, committed 94592K, reserved 1179648K
  class space    used 12465K, committed 13184K, reserved 1048576K
}
Event: 6070.825 GC heap after
{Heap after GC invocations=115 (full 11):
 garbage-first heap   total 133120K, used 57011K [0x0000000702600000, 0x0000000800000000)
  region size 2048K, 4 young (8192K), 4 survivors (8192K)
 Metaspace       used 93321K, committed 94592K, reserved 1179648K
  class space    used 12465K, committed 13184K, reserved 1048576K
}
Event: 6071.055 GC heap before
{Heap before GC invocations=115 (full 11):
 garbage-first heap   total 133120K, used 110259K [0x0000000702600000, 0x0000000800000000)
  region size 2048K, 31 young (63488K), 4 survivors (8192K)
 Metaspace       used 93517K, committed 94720K, reserved 1179648K
  class space    used 12481K, committed 13184K, reserved 1048576K
}
Event: 6071.058 GC heap after
{Heap after GC invocations=116 (full 11):
 garbage-first heap   total 159744K, used 58257K [0x0000000702600000, 0x0000000800000000)
  region size 2048K, 3 young (6144K), 3 survivors (6144K)
 Metaspace       used 93517K, committed 94720K, reserved 1179648K
  class space    used 12481K, committed 13184K, reserved 1048576K
}
Event: 6090.167 GC heap before
{Heap before GC invocations=117 (full 11):
 garbage-first heap   total 159744K, used 136081K [0x0000000702600000, 0x0000000800000000)
  region size 2048K, 42 young (86016K), 3 survivors (6144K)
 Metaspace       used 93806K, committed 94976K, reserved 1179648K
  class space    used 12510K, committed 13184K, reserved 1048576K
}
Event: 6090.170 GC heap after
{Heap after GC invocations=118 (full 11):
 garbage-first heap   total 159744K, used 59247K [0x0000000702600000, 0x0000000800000000)
  region size 2048K, 4 young (8192K), 4 survivors (8192K)
 Metaspace       used 93806K, committed 94976K, reserved 1179648K
  class space    used 12510K, committed 13184K, reserved 1048576K
}
Event: 6090.581 GC heap before
{Heap before GC invocations=118 (full 11):
 garbage-first heap   total 159744K, used 135023K [0x0000000702600000, 0x0000000800000000)
  region size 2048K, 42 young (86016K), 4 survivors (8192K)
 Metaspace       used 94053K, committed 95232K, reserved 1179648K
  class space    used 12534K, committed 13184K, reserved 1048576K
}
Event: 6090.584 GC heap after
{Heap after GC invocations=119 (full 11):
 garbage-first heap   total 159744K, used 58639K [0x0000000702600000, 0x0000000800000000)
  region size 2048K, 4 young (8192K), 4 survivors (8192K)
 Metaspace       used 94053K, committed 95232K, reserved 1179648K
  class space    used 12534K, committed 13184K, reserved 1048576K
}
Event: 6157.929 GC heap before
{Heap before GC invocations=119 (full 11):
 garbage-first heap   total 159744K, used 138511K [0x0000000702600000, 0x0000000800000000)
  region size 2048K, 43 young (88064K), 4 survivors (8192K)
 Metaspace       used 94268K, committed 95424K, reserved 1179648K
  class space    used 12552K, committed 13184K, reserved 1048576K
}

Dll operation events (12 events):
Event: 0.004 Loaded shared library D:\B_Util\2.Java\amazon-corretto-21.0.3.9.1-windows-x64-jdk\jdk21.0.3_9\bin\java.dll
Event: 0.167 Loaded shared library D:\B_Util\2.Java\amazon-corretto-21.0.3.9.1-windows-x64-jdk\jdk21.0.3_9\bin\zip.dll
Event: 0.170 Loaded shared library D:\B_Util\2.Java\amazon-corretto-21.0.3.9.1-windows-x64-jdk\jdk21.0.3_9\bin\instrument.dll
Event: 0.173 Loaded shared library D:\B_Util\2.Java\amazon-corretto-21.0.3.9.1-windows-x64-jdk\jdk21.0.3_9\bin\net.dll
Event: 0.173 Loaded shared library D:\B_Util\2.Java\amazon-corretto-21.0.3.9.1-windows-x64-jdk\jdk21.0.3_9\bin\nio.dll
Event: 0.175 Loaded shared library D:\B_Util\2.Java\amazon-corretto-21.0.3.9.1-windows-x64-jdk\jdk21.0.3_9\bin\zip.dll
Event: 0.269 Loaded shared library D:\B_Util\2.Java\amazon-corretto-21.0.3.9.1-windows-x64-jdk\jdk21.0.3_9\bin\jimage.dll
Event: 0.293 Loaded shared library D:\B_Util\2.Java\amazon-corretto-21.0.3.9.1-windows-x64-jdk\jdk21.0.3_9\bin\management.dll
Event: 0.299 Loaded shared library D:\B_Util\2.Java\amazon-corretto-21.0.3.9.1-windows-x64-jdk\jdk21.0.3_9\bin\management_ext.dll
Event: 0.416 Loaded shared library D:\B_Util\2.Java\amazon-corretto-21.0.3.9.1-windows-x64-jdk\jdk21.0.3_9\bin\extnet.dll
Event: 0.429 Loaded shared library D:\B_Util\2.Java\amazon-corretto-21.0.3.9.1-windows-x64-jdk\jdk21.0.3_9\bin\verify.dll
Event: 1.070 Loaded shared library D:\B_Util\2.Java\amazon-corretto-21.0.3.9.1-windows-x64-jdk\jdk21.0.3_9\bin\sunmscapi.dll

Deoptimization events (20 events):
Event: 6136.818 Thread 0x000001f4e1e92040 DEOPT PACKING pc=0x000001f4d28db88c sp=0x000000efcccfeb60
Event: 6136.818 Thread 0x000001f4e1e92040 DEOPT UNPACKING pc=0x000001f4d12c4e42 sp=0x000000efcccfe0e8 mode 1
Event: 6136.818 Thread 0x000001f4e1e92040 DEOPT PACKING pc=0x000001f4d1608c2c sp=0x000000efcccfe240
Event: 6136.818 Thread 0x000001f4e1e92040 DEOPT UNPACKING pc=0x000001f4d12c4e42 sp=0x000000efcccfd740 mode 1
Event: 6136.818 Thread 0x000001f4e1e92040 DEOPT PACKING pc=0x000001f4d160aba4 sp=0x000000efcccfe2f0
Event: 6136.818 Thread 0x000001f4e1e92040 DEOPT UNPACKING pc=0x000001f4d12c4e42 sp=0x000000efcccfd7e0 mode 1
Event: 6136.818 Thread 0x000001f4e1e92040 DEOPT PACKING pc=0x000001f4d18b2504 sp=0x000000efcccfe390
Event: 6136.818 Thread 0x000001f4e1e92040 DEOPT UNPACKING pc=0x000001f4d12c4e42 sp=0x000000efcccfd8c8 mode 1
Event: 6136.818 Thread 0x000001f4e1e92040 DEOPT PACKING pc=0x000001f4d13d8f6c sp=0x000000efcccfe470
Event: 6136.818 Thread 0x000001f4e1e92040 DEOPT UNPACKING pc=0x000001f4d12c4e42 sp=0x000000efcccfd880 mode 1
Event: 6136.818 Thread 0x000001f4e1e92040 DEOPT PACKING pc=0x000001f4d22eb8ac sp=0x000000efcccfe580
Event: 6136.818 Thread 0x000001f4e1e92040 DEOPT UNPACKING pc=0x000001f4d12c4e42 sp=0x000000efcccfdb38 mode 1
Event: 6136.818 Thread 0x000001f4e1e92040 DEOPT PACKING pc=0x000001f4d155f874 sp=0x000000efcccfe730
Event: 6136.818 Thread 0x000001f4e1e92040 DEOPT UNPACKING pc=0x000001f4d12c4e42 sp=0x000000efcccfdc00 mode 1
Event: 6136.818 Thread 0x000001f4e1e92040 DEOPT PACKING pc=0x000001f4d1895acc sp=0x000000efcccfe930
Event: 6136.818 Thread 0x000001f4e1e92040 DEOPT UNPACKING pc=0x000001f4d12c4e42 sp=0x000000efcccfde08 mode 1
Event: 6136.818 Thread 0x000001f4e1e92040 DEOPT PACKING pc=0x000001f4d1d170f4 sp=0x000000efcccfe9c0
Event: 6136.818 Thread 0x000001f4e1e92040 DEOPT UNPACKING pc=0x000001f4d12c4e42 sp=0x000000efcccfdf38 mode 1
Event: 6136.818 Thread 0x000001f4e1e92040 DEOPT PACKING pc=0x000001f4d28db88c sp=0x000000efcccfeb60
Event: 6136.818 Thread 0x000001f4e1e92040 DEOPT UNPACKING pc=0x000001f4d12c4e42 sp=0x000000efcccfe0e8 mode 1

Classes loaded (20 events):
Event: 5270.536 Loading class java/lang/p
Event: 5270.536 Loading class java/lang/p done
Event: 5270.538 Loading class java/lang/m
Event: 5270.538 Loading class java/lang/m done
Event: 5270.719 Loading class java/lang/p
Event: 5270.720 Loading class java/lang/p done
Event: 5270.721 Loading class java/lang/m
Event: 5270.721 Loading class java/lang/m done
Event: 5270.906 Loading class java/lang/p
Event: 5270.906 Loading class java/lang/p done
Event: 5270.907 Loading class java/lang/m
Event: 5270.907 Loading class java/lang/m done
Event: 5271.076 Loading class java/lang/p
Event: 5271.076 Loading class java/lang/p done
Event: 5271.078 Loading class java/lang/m
Event: 5271.078 Loading class java/lang/m done
Event: 5308.901 Loading class java/lang/p
Event: 5308.901 Loading class java/lang/p done
Event: 5308.903 Loading class java/lang/m
Event: 5308.903 Loading class java/lang/m done

Classes unloaded (20 events):
Event: 6062.707 Thread 0x000001f4dbe03c80 Unloading class 0x000001f481c99c00 'java/lang/invoke/LambdaForm$MH+0x000001f481c99c00'
Event: 6062.707 Thread 0x000001f4dbe03c80 Unloading class 0x000001f4811a1800 'java/lang/invoke/LambdaForm$MH+0x000001f4811a1800'
Event: 6062.707 Thread 0x000001f4dbe03c80 Unloading class 0x000001f481a9dc00 'java/lang/invoke/LambdaForm$MH+0x000001f481a9dc00'
Event: 6062.707 Thread 0x000001f4dbe03c80 Unloading class 0x000001f481a41400 'java/lang/invoke/LambdaForm$MH+0x000001f481a41400'
Event: 6062.707 Thread 0x000001f4dbe03c80 Unloading class 0x000001f481a1c800 'java/lang/invoke/LambdaForm$MH+0x000001f481a1c800'
Event: 6062.707 Thread 0x000001f4dbe03c80 Unloading class 0x000001f4819e7000 'java/lang/invoke/LambdaForm$MH+0x000001f4819e7000'
Event: 6062.707 Thread 0x000001f4dbe03c80 Unloading class 0x000001f481005400 'java/lang/invoke/LambdaForm$MH+0x000001f481005400'
Event: 6062.707 Thread 0x000001f4dbe03c80 Unloading class 0x000001f4819c0800 'java/lang/invoke/LambdaForm$MH+0x000001f4819c0800'
Event: 6062.707 Thread 0x000001f4dbe03c80 Unloading class 0x000001f4814fc000 'java/lang/invoke/LambdaForm$MH+0x000001f4814fc000'
Event: 6062.707 Thread 0x000001f4dbe03c80 Unloading class 0x000001f48142d000 'java/lang/invoke/LambdaForm$MH+0x000001f48142d000'
Event: 6062.707 Thread 0x000001f4dbe03c80 Unloading class 0x000001f481a9c800 'java/lang/invoke/LambdaForm$MH+0x000001f481a9c800'
Event: 6062.707 Thread 0x000001f4dbe03c80 Unloading class 0x000001f481a69000 'java/lang/invoke/LambdaForm$MH+0x000001f481a69000'
Event: 6071.075 Thread 0x000001f4dbe03c80 Unloading class 0x000001f48130c000 'jdk/internal/reflect/GeneratedSerializationConstructorAccessor272'
Event: 6071.075 Thread 0x000001f4dbe03c80 Unloading class 0x000001f4811fd000 'jdk/internal/reflect/GeneratedSerializationConstructorAccessor271'
Event: 6071.075 Thread 0x000001f4dbe03c80 Unloading class 0x000001f4811fcc00 'jdk/internal/reflect/GeneratedSerializationConstructorAccessor270'
Event: 6071.075 Thread 0x000001f4dbe03c80 Unloading class 0x000001f481ca7c00 'jdk/internal/reflect/GeneratedSerializationConstructorAccessor269'
Event: 6071.075 Thread 0x000001f4dbe03c80 Unloading class 0x000001f4819cc800 'org/apache/catalina/loader/JdbcLeakPrevention'
Event: 6071.075 Thread 0x000001f4dbe03c80 Unloading class 0x000001f481d05800 'jdk/internal/reflect/GeneratedSerializationConstructorAccessor263'
Event: 6071.075 Thread 0x000001f4dbe03c80 Unloading class 0x000001f481d07400 'jdk/internal/reflect/GeneratedSerializationConstructorAccessor262'
Event: 6071.075 Thread 0x000001f4dbe03c80 Unloading class 0x000001f481d07000 'jdk/internal/reflect/GeneratedSerializationConstructorAccessor261'

Classes redefined (10 events):
Event: 2279.919 Thread 0x000001f4dbe03c80 redefined class name=kr.or.ddit.projectSchedule.controller.ProjectScheduleController, count=1
Event: 2279.919 Thread 0x000001f4dbe03c80 redefined class name=kr.or.ddit.projectSchedule.controller.ProjectScheduleController, count=1
Event: 2287.580 Thread 0x000001f4dbe03c80 redefined class name=kr.or.ddit.projectSchedule.controller.ProjectScheduleController, count=2
Event: 2287.580 Thread 0x000001f4dbe03c80 redefined class name=kr.or.ddit.projectSchedule.controller.ProjectScheduleController, count=1
Event: 2287.580 Thread 0x000001f4dbe03c80 redefined class name=kr.or.ddit.projectSchedule.controller.ProjectScheduleController, count=2
Event: 2290.441 Thread 0x000001f4dbe03c80 redefined class name=kr.or.ddit.projectSchedule.controller.ProjectScheduleController, count=3
Event: 2290.441 Thread 0x000001f4dbe03c80 redefined class name=kr.or.ddit.projectSchedule.controller.ProjectScheduleController, count=2
Event: 2292.527 Thread 0x000001f4dbe03c80 redefined class name=kr.or.ddit.projectSchedule.controller.ProjectScheduleController, count=4
Event: 2292.527 Thread 0x000001f4dbe03c80 redefined class name=kr.or.ddit.projectSchedule.controller.ProjectScheduleController, count=3
Event: 2292.527 Thread 0x000001f4dbe03c80 redefined class name=kr.or.ddit.projectSchedule.controller.ProjectScheduleController, count=1

Internal exceptions (20 events):
Event: 6071.092 Thread 0x000001f4e3cb8810 Exception <a 'java/io/FileNotFoundException'{0x000000070b5d3238}> (0x000000070b5d3238) 
thrown [s\src\hotspot\share\prims\jni.cpp, line 520]
Event: 6071.093 Thread 0x000001f4e3cb8810 Exception <a 'java/io/FileNotFoundException'{0x000000070b5d9498}> (0x000000070b5d9498) 
thrown [s\src\hotspot\share\prims\jni.cpp, line 520]
Event: 6071.093 Thread 0x000001f4e3cb8810 Exception <a 'java/io/FileNotFoundException'{0x000000070b5e7ed8}> (0x000000070b5e7ed8) 
thrown [s\src\hotspot\share\prims\jni.cpp, line 520]
Event: 6071.129 Thread 0x000001f4e3cb8810 Exception <a 'java/lang/NoClassDefFoundError'{0x000000070ad0c650}: List> (0x000000070ad0c650) 
thrown [s\src\hotspot\share\classfile\systemDictionary.cpp, line 301]
Event: 6071.183 Thread 0x000001f4e3cbaf70 Exception <a 'java/lang/InterruptedException'{0x000000070aa12718}: sleep interrupted> (0x000000070aa12718) 
thrown [s\src\hotspot\share\prims\jvm.cpp, line 3074]
Event: 6071.189 Thread 0x000001f4e3cb8810 Exception <a 'java/lang/NoClassDefFoundError'{0x000000070ad81c48}: jakarta/validation/ValidationException> (0x000000070ad81c48) 
thrown [s\src\hotspot\share\classfile\systemDictionary.cpp, line 301]
Event: 6071.190 Thread 0x000001f4e3cb8810 Exception <a 'java/lang/NoClassDefFoundError'{0x000000070ad84b10}: liquibase/exception/ChangeLogParseException> (0x000000070ad84b10) 
thrown [s\src\hotspot\share\classfile\systemDictionary.cpp, line 301]
Event: 6089.889 Thread 0x000001f4e4d0fa10 Exception <a 'sun/nio/fs/WindowsException'{0x000000070a1c3bd0}> (0x000000070a1c3bd0) 
thrown [s\src\hotspot\share\prims\jni.cpp, line 520]
Event: 6090.235 Thread 0x000001f4e4d0fa10 Exception <a 'java/lang/NoClassDefFoundError'{0x000000070b8dc7a8}: org/flywaydb/core/Flyway> (0x000000070b8dc7a8) 
thrown [s\src\hotspot\share\oops\constantPool.cpp, line 873]
Event: 6090.236 Thread 0x000001f4e4d0fa10 Exception <a 'java/lang/NoClassDefFoundError'{0x000000070b8dce08}: liquibase/integration/spring/SpringLiquibase> (0x000000070b8dce08) 
thrown [s\src\hotspot\share\oops\constantPool.cpp, line 873]
Event: 6090.238 Thread 0x000001f4e4d0fa10 Exception <a 'java/lang/NoClassDefFoundError'{0x000000070b9238f8}: org/jooq/DSLContext> (0x000000070b9238f8) 
thrown [s\src\hotspot\share\oops\constantPool.cpp, line 873]
Event: 6090.242 Thread 0x000001f4e4d0fa10 Exception <a 'java/lang/NoClassDefFoundError'{0x000000070b62e290}: org/springframework/batch/core/repository/JobRepository> (0x000000070b62e290) 
thrown [s\src\hotspot\share\oops\constantPool.cpp, line 873]
Event: 6090.243 Thread 0x000001f4e4d0fa10 Exception <a 'java/lang/NoClassDefFoundError'{0x000000070b62e8e8}: org/quartz/Scheduler> (0x000000070b62e8e8) 
thrown [s\src\hotspot\share\oops\constantPool.cpp, line 873]
Event: 6090.243 Thread 0x000001f4e4d0fa10 Exception <a 'java/lang/NoClassDefFoundError'{0x000000070b62ef68}: org/springframework/session/jdbc/JdbcIndexedSessionRepository> (0x000000070b62ef68) 
thrown [s\src\hotspot\share\oops\constantPool.cpp, line 873]
Event: 6090.297 Thread 0x000001f4e4d0fa10 Exception <a 'java/io/FileNotFoundException'{0x000000070aa096c0}> (0x000000070aa096c0) 
thrown [s\src\hotspot\share\prims\jni.cpp, line 520]
Event: 6090.413 Thread 0x000001f4e4d0fa10 Exception <a 'java/io/FileNotFoundException'{0x0000000708fb6648}> (0x0000000708fb6648) 
thrown [s\src\hotspot\share\prims\jni.cpp, line 520]
Event: 6090.606 Thread 0x000001f4e4d0fa10 Exception <a 'java/io/FileNotFoundException'{0x000000070a9f70d8}> (0x000000070a9f70d8) 
thrown [s\src\hotspot\share\prims\jni.cpp, line 520]
Event: 6090.607 Thread 0x000001f4e4d0fa10 Exception <a 'java/io/FileNotFoundException'{0x000000070a604768}> (0x000000070a604768) 
thrown [s\src\hotspot\share\prims\jni.cpp, line 520]
Event: 6090.607 Thread 0x000001f4e4d0fa10 Exception <a 'java/io/FileNotFoundException'{0x000000070a60e9d8}> (0x000000070a60e9d8) 
thrown [s\src\hotspot\share\prims\jni.cpp, line 520]
Event: 6090.607 Thread 0x000001f4e4d0fa10 Exception <a 'java/io/FileNotFoundException'{0x000000070a618e50}> (0x000000070a618e50) 
thrown [s\src\hotspot\share\prims\jni.cpp, line 520]

ZGC Phase Switch (0 events):
No events

VM Operations (20 events):
Event: 6101.413 Executing VM operation: get/set locals done
Event: 6101.413 Executing VM operation: get/set locals
Event: 6101.413 Executing VM operation: get/set locals done
Event: 6101.414 Executing VM operation: get/set locals
Event: 6101.414 Executing VM operation: get/set locals done
Event: 6101.414 Executing VM operation: get/set locals
Event: 6101.414 Executing VM operation: get/set locals done
Event: 6101.414 Executing VM operation: get/set locals
Event: 6101.414 Executing VM operation: get/set locals done
Event: 6101.414 Executing VM operation: get/set locals
Event: 6101.414 Executing VM operation: get/set locals done
Event: 6101.415 Executing VM operation: get/set locals
Event: 6101.415 Executing VM operation: get/set locals done
Event: 6132.894 Executing VM operation: HandshakeAllThreads (HandshakeForDeflation)
Event: 6132.894 Executing VM operation: HandshakeAllThreads (HandshakeForDeflation) done
Event: 6132.894 Executing VM operation: RendezvousGCThreads
Event: 6132.894 Executing VM operation: RendezvousGCThreads done
Event: 6151.332 Executing VM operation: get/set locals
Event: 6151.332 Executing VM operation: get/set locals done
Event: 6157.928 Executing VM operation: G1CollectForAllocation (G1 Evacuation Pause)

Events (20 events):
Event: 6071.193 Thread 0x000001f4e4d0ecf0 Thread added: 0x000001f4e4d0ecf0
Event: 6076.206 Thread 0x000001f4e5011d60 Thread exited: 0x000001f4e5011d60
Event: 6081.206 Thread 0x000001f4e500edb0 Thread exited: 0x000001f4e500edb0
Event: 6081.206 Thread 0x000001f4e500b730 Thread exited: 0x000001f4e500b730
Event: 6089.883 Thread 0x000001f4e4d0fa10 Thread added: 0x000001f4e4d0fa10
Event: 6089.900 Thread 0x000001f4e5010220 Thread added: 0x000001f4e5010220
Event: 6089.900 Thread 0x000001f4e500b730 Thread added: 0x000001f4e500b730
Event: 6089.900 Thread 0x000001f4e5011690 Thread added: 0x000001f4e5011690
Event: 6089.944 Thread 0x000001f4e4d10730 Thread added: 0x000001f4e4d10730
Event: 6089.975 Thread 0x000001f4e4d10730 Thread exited: 0x000001f4e4d10730
Event: 6090.414 Thread 0x000001f4e4d148d0 Thread added: 0x000001f4e4d148d0
Event: 6090.414 Thread 0x000001f4e4d10730 Thread added: 0x000001f4e4d10730
Event: 6090.414 Thread 0x000001f4e4d12800 Thread added: 0x000001f4e4d12800
Event: 6090.512 Thread 0x000001f4e4d11ae0 Thread added: 0x000001f4e4d11ae0
Event: 6090.613 Thread 0x000001f4e3cba250 Thread added: 0x000001f4e3cba250
Event: 6091.327 Thread 0x000001f4e5011690 Thread exited: 0x000001f4e5011690
Event: 6091.327 Thread 0x000001f4e500b730 Thread exited: 0x000001f4e500b730
Event: 6096.327 Thread 0x000001f4e5010220 Thread exited: 0x000001f4e5010220
Event: 6096.360 Thread 0x000001f4e3cba250 Thread exited: 0x000001f4e3cba250
Event: 6151.329 Thread 0x000001f4e4d14f60 Thread exited: 0x000001f4e4d14f60


Dynamic libraries:
0x00007ff61b910000 - 0x00007ff61b91e000 	D:\B_Util\2.Java\amazon-corretto-21.0.3.9.1-windows-x64-jdk\jdk21.0.3_9\bin\javaw.exe
0x00007ffb90530000 - 0x00007ffb90728000 	C:\WINDOWS\SYSTEM32\ntdll.dll
0x00007ffb90310000 - 0x00007ffb903d2000 	C:\WINDOWS\System32\KERNEL32.DLL
0x00007ffb8dcf0000 - 0x00007ffb8dfe6000 	C:\WINDOWS\System32\KERNELBASE.dll
0x00007ffb8dbc0000 - 0x00007ffb8dcc0000 	C:\WINDOWS\System32\ucrtbase.dll
0x00007ffb7f130000 - 0x00007ffb7f148000 	D:\B_Util\2.Java\amazon-corretto-21.0.3.9.1-windows-x64-jdk\jdk21.0.3_9\bin\jli.dll
0x00007ffb7a150000 - 0x00007ffb7a16b000 	D:\B_Util\2.Java\amazon-corretto-21.0.3.9.1-windows-x64-jdk\jdk21.0.3_9\bin\VCRUNTIME140.dll
0x00007ffb90160000 - 0x00007ffb90301000 	C:\WINDOWS\System32\USER32.dll
0x00007ffb8e0d0000 - 0x00007ffb8e0f2000 	C:\WINDOWS\System32\win32u.dll
0x00007ffb7bf60000 - 0x00007ffb7c1fb000 	C:\WINDOWS\WinSxS\amd64_microsoft.windows.common-controls_6595b64144ccf1df_6.0.19041.6456_none_60b8a6cb71f64256\COMCTL32.dll
0x00007ffb903f0000 - 0x00007ffb9041b000 	C:\WINDOWS\System32\GDI32.dll
0x00007ffb8f090000 - 0x00007ffb8f12e000 	C:\WINDOWS\System32\msvcrt.dll
0x00007ffb8e100000 - 0x00007ffb8e219000 	C:\WINDOWS\System32\gdi32full.dll
0x00007ffb8e2d0000 - 0x00007ffb8e36d000 	C:\WINDOWS\System32\msvcp_win.dll
0x00007ffb8f060000 - 0x00007ffb8f08f000 	C:\WINDOWS\System32\IMM32.DLL
0x00007ffb85940000 - 0x00007ffb8594c000 	D:\B_Util\2.Java\amazon-corretto-21.0.3.9.1-windows-x64-jdk\jdk21.0.3_9\bin\vcruntime140_1.dll
0x00007ffb79900000 - 0x00007ffb7998d000 	D:\B_Util\2.Java\amazon-corretto-21.0.3.9.1-windows-x64-jdk\jdk21.0.3_9\bin\msvcp140.dll
0x00007ffb4ad10000 - 0x00007ffb4baa1000 	D:\B_Util\2.Java\amazon-corretto-21.0.3.9.1-windows-x64-jdk\jdk21.0.3_9\bin\server\jvm.dll
0x00007ffb8f380000 - 0x00007ffb8f431000 	C:\WINDOWS\System32\ADVAPI32.dll
0x00007ffb8f2e0000 - 0x00007ffb8f37f000 	C:\WINDOWS\System32\sechost.dll
0x00007ffb8fcd0000 - 0x00007ffb8fdf0000 	C:\WINDOWS\System32\RPCRT4.dll
0x00007ffb8dcc0000 - 0x00007ffb8dce7000 	C:\WINDOWS\System32\bcrypt.dll
0x00007ffb8f4f0000 - 0x00007ffb8f55b000 	C:\WINDOWS\System32\WS2_32.dll
0x00007ffb8da20000 - 0x00007ffb8da6b000 	C:\WINDOWS\SYSTEM32\POWRPROF.dll
0x00007ffb7dc20000 - 0x00007ffb7dc47000 	C:\WINDOWS\SYSTEM32\WINMM.dll
0x00007ffb880e0000 - 0x00007ffb880ea000 	C:\WINDOWS\SYSTEM32\VERSION.dll
0x00007ffb8d950000 - 0x00007ffb8d962000 	C:\WINDOWS\SYSTEM32\UMPDC.dll
0x00007ffb8ba10000 - 0x00007ffb8ba22000 	C:\WINDOWS\SYSTEM32\kernel.appcore.dll
0x00007ffb7fb30000 - 0x00007ffb7fb3a000 	D:\B_Util\2.Java\amazon-corretto-21.0.3.9.1-windows-x64-jdk\jdk21.0.3_9\bin\jimage.dll
0x00007ffb7c840000 - 0x00007ffb7ca41000 	C:\WINDOWS\SYSTEM32\DBGHELP.DLL
0x00007ffb6db60000 - 0x00007ffb6db94000 	C:\WINDOWS\SYSTEM32\dbgcore.DLL
0x00007ffb8dff0000 - 0x00007ffb8e072000 	C:\WINDOWS\System32\bcryptPrimitives.dll
0x00007ffb798c0000 - 0x00007ffb798fc000 	D:\B_Util\2.Java\amazon-corretto-21.0.3.9.1-windows-x64-jdk\jdk21.0.3_9\bin\jdwp.dll
0x00007ffb7f1b0000 - 0x00007ffb7f1be000 	D:\B_Util\2.Java\amazon-corretto-21.0.3.9.1-windows-x64-jdk\jdk21.0.3_9\bin\instrument.dll
0x00007ffb7a110000 - 0x00007ffb7a12f000 	D:\B_Util\2.Java\amazon-corretto-21.0.3.9.1-windows-x64-jdk\jdk21.0.3_9\bin\java.dll
0x00007ffb8f560000 - 0x00007ffb8fcd0000 	C:\WINDOWS\System32\SHELL32.dll
0x00007ffb8bc10000 - 0x00007ffb8c3b5000 	C:\WINDOWS\SYSTEM32\windows.storage.dll
0x00007ffb8e5b0000 - 0x00007ffb8e904000 	C:\WINDOWS\System32\combase.dll
0x00007ffb8d430000 - 0x00007ffb8d45b000 	C:\WINDOWS\SYSTEM32\Wldp.dll
0x00007ffb90420000 - 0x00007ffb904ed000 	C:\WINDOWS\System32\OLEAUT32.dll
0x00007ffb8f440000 - 0x00007ffb8f4ed000 	C:\WINDOWS\System32\SHCORE.dll
0x00007ffb8e920000 - 0x00007ffb8e97b000 	C:\WINDOWS\System32\shlwapi.dll
0x00007ffb8daf0000 - 0x00007ffb8db14000 	C:\WINDOWS\SYSTEM32\profapi.dll
0x00007ffb7ec90000 - 0x00007ffb7ec9b000 	D:\B_Util\2.Java\amazon-corretto-21.0.3.9.1-windows-x64-jdk\jdk21.0.3_9\bin\dt_socket.dll
0x00007ffb8cf10000 - 0x00007ffb8cf4b000 	C:\WINDOWS\SYSTEM32\IPHLPAPI.DLL
0x00007ffb8d210000 - 0x00007ffb8d27a000 	C:\WINDOWS\system32\mswsock.dll
0x00007ffb8cf50000 - 0x00007ffb8d01a000 	C:\WINDOWS\SYSTEM32\DNSAPI.dll
0x00007ffb8ff00000 - 0x00007ffb8ff08000 	C:\WINDOWS\System32\NSI.dll
0x00007ffb84470000 - 0x00007ffb8447a000 	C:\Windows\System32\rasadhlp.dll
0x00007ffb843a0000 - 0x00007ffb84420000 	C:\WINDOWS\System32\fwpuclnt.dll
0x00007ffb79f10000 - 0x00007ffb79f28000 	D:\B_Util\2.Java\amazon-corretto-21.0.3.9.1-windows-x64-jdk\jdk21.0.3_9\bin\zip.dll
0x00007ffb7e6b0000 - 0x00007ffb7e6c0000 	D:\B_Util\2.Java\amazon-corretto-21.0.3.9.1-windows-x64-jdk\jdk21.0.3_9\bin\net.dll
0x00007ffb876b0000 - 0x00007ffb877ba000 	C:\WINDOWS\SYSTEM32\WINHTTP.dll
0x00007ffb79e50000 - 0x00007ffb79e66000 	D:\B_Util\2.Java\amazon-corretto-21.0.3.9.1-windows-x64-jdk\jdk21.0.3_9\bin\nio.dll
0x00007ffb7a620000 - 0x00007ffb7a629000 	D:\B_Util\2.Java\amazon-corretto-21.0.3.9.1-windows-x64-jdk\jdk21.0.3_9\bin\management.dll
0x00007ffb7a4d0000 - 0x00007ffb7a4db000 	D:\B_Util\2.Java\amazon-corretto-21.0.3.9.1-windows-x64-jdk\jdk21.0.3_9\bin\management_ext.dll
0x00007ffb903e0000 - 0x00007ffb903e8000 	C:\WINDOWS\System32\PSAPI.DLL
0x00007ffb6cb00000 - 0x00007ffb6cb17000 	C:\WINDOWS\system32\napinsp.dll
0x00007ffb6cae0000 - 0x00007ffb6cafb000 	C:\WINDOWS\system32\pnrpnsp.dll
0x00007ffb6c790000 - 0x00007ffb6c7ad000 	C:\WINDOWS\system32\wshbth.dll
0x00007ffb8a510000 - 0x00007ffb8a52d000 	C:\WINDOWS\system32\NLAapi.dll
0x00007ffb6c770000 - 0x00007ffb6c782000 	C:\WINDOWS\System32\winrnr.dll
0x00007ffb8d470000 - 0x00007ffb8d488000 	C:\WINDOWS\SYSTEM32\CRYPTSP.dll
0x00007ffb8cb50000 - 0x00007ffb8cb88000 	C:\WINDOWS\system32\rsaenh.dll
0x00007ffb8da70000 - 0x00007ffb8da9e000 	C:\WINDOWS\SYSTEM32\USERENV.dll
0x00007ffb8d3a0000 - 0x00007ffb8d3ac000 	C:\WINDOWS\SYSTEM32\CRYPTBASE.dll
0x00007ffb7a140000 - 0x00007ffb7a149000 	D:\B_Util\2.Java\amazon-corretto-21.0.3.9.1-windows-x64-jdk\jdk21.0.3_9\bin\extnet.dll
0x00007ffb79f60000 - 0x00007ffb79f70000 	D:\B_Util\2.Java\amazon-corretto-21.0.3.9.1-windows-x64-jdk\jdk21.0.3_9\bin\verify.dll
0x00007ffb798b0000 - 0x00007ffb798be000 	D:\B_Util\2.Java\amazon-corretto-21.0.3.9.1-windows-x64-jdk\jdk21.0.3_9\bin\sunmscapi.dll
0x00007ffb8e370000 - 0x00007ffb8e4cd000 	C:\WINDOWS\System32\CRYPT32.dll
0x00007ffb8d580000 - 0x00007ffb8d5a7000 	C:\WINDOWS\SYSTEM32\ncrypt.dll
0x00007ffb8d540000 - 0x00007ffb8d57b000 	C:\WINDOWS\SYSTEM32\NTASN1.dll
0x00007ffb5d430000 - 0x00007ffb5d437000 	C:\WINDOWS\system32\wshunix.dll

dbghelp: loaded successfully - version: 4.0.5 - missing functions: none
symbol engine: initialized successfully - sym options: 0x614 - pdb path: .;D:\B_Util\2.Java\amazon-corretto-21.0.3.9.1-windows-x64-jdk\jdk21.0.3_9\bin;C:\WINDOWS\SYSTEM32;C:\WINDOWS\WinSxS\amd64_microsoft.windows.common-controls_6595b64144ccf1df_6.0.19041.6456_none_60b8a6cb71f64256;D:\B_Util\2.Java\amazon-corretto-21.0.3.9.1-windows-x64-jdk\jdk21.0.3_9\bin\server

VM Arguments:
jvm_args: -XX:+ShowCodeDetailsInExceptionMessages -agentlib:jdwp=transport=dt_socket,suspend=y,address=localhost:63882 -Dcom.sun.management.jmxremote -Dcom.sun.management.jmxremote.port=63881 -Dcom.sun.management.jmxremote.authenticate=false -Dcom.sun.management.jmxremote.ssl=false -Djava.rmi.server.hostname=localhost -Dspring.jmx.enabled=true -Dmanagement.endpoints.jmx.exposure.include=* -Dspring.application.admin.enabled=true -Dspring.output.ansi.enabled=always -XX:TieredStopAtLevel=1 -Dspring.boot.project.name=Tudio -javaagent:D:\A_TeachingMaterial\06_FinalProject\TOOL\sts\configuration\org.eclipse.osgi\272\0\.cp\lib\javaagent-shaded.jar -Dfile.encoding=UTF-8 -Dstdout.encoding=UTF-8 -Dstderr.encoding=UTF-8 
java_command: kr.or.ddit.TudioApplication
java_class_path (initial): D:\A_TeachingMaterial\06_FinalProject\workspace\Tudio\target\classes;C:\Users\PC-22\.m2\repository\org\springframework\boot\spring-boot-starter-actuator\3.5.8\spring-boot-starter-actuator-3.5.8.jar;C:\Users\PC-22\.m2\repository\org\springframework\boot\spring-boot-starter\3.5.8\spring-boot-starter-3.5.8.jar;C:\Users\PC-22\.m2\repository\org\springframework\boot\spring-boot-starter-logging\3.5.8\spring-boot-starter-logging-3.5.8.jar;C:\Users\PC-22\.m2\repository\ch\qos\logback\logback-classic\1.5.21\logback-classic-1.5.21.jar;C:\Users\PC-22\.m2\repository\ch\qos\logback\logback-core\1.5.21\logback-core-1.5.21.jar;C:\Users\PC-22\.m2\repository\org\apache\logging\log4j\log4j-to-slf4j\2.24.3\log4j-to-slf4j-2.24.3.jar;C:\Users\PC-22\.m2\repository\org\slf4j\jul-to-slf4j\2.0.17\jul-to-slf4j-2.0.17.jar;C:\Users\PC-22\.m2\repository\jakarta\annotation\jakarta.annotation-api\2.1.1\jakarta.annotation-api-2.1.1.jar;C:\Users\PC-22\.m2\repository\org\yaml\snakeyaml\2.4\snakeyaml-2.4.jar;C:\Users\PC-22\.m2\repository\org\springframework\boot\spring-boot-actuator-autoconfigure\3.5.8\spring-boot-actuator-autoconfigure-3.5.8.jar;C:\Users\PC-22\.m2\repository\org\springframework\boot\spring-boot-actuator\3.5.8\spring-boot-actuator-3.5.8.jar;C:\Users\PC-22\.m2\repository\com\fasterxml\jackson\datatype\jackson-datatype-jsr310\2.19.4\jackson-datatype-jsr310-2.19.4.jar;C:\Users\PC-22\.m2\repository\io\micrometer\micrometer-observation\1.15.6\micrometer-observation-1.15.6.jar;C:\Users\PC-22\.m2\repository\io\micrometer\micrometer-commons\1.15.6\micrometer-commons-1.15.6.jar;C:\Users\PC-22\.m2\repository\io\micrometer\micrometer-jakarta9\1.15.6\micrometer-jakarta9-1.15.6.jar;C:\Users\PC-22\.m2\repository\io\micrometer\micrometer-core\1.15.6\micrometer-core-1.15.6.jar;C:\Users\PC-22\.m2\repository\org\hdrhistogram\HdrHistogram\2.2.2\HdrHistogram-2.2.2.jar;C:\Users\PC-22\.m2\repository\org\latencyutils\LatencyUtils\2.0.3\LatencyUtils-2.0.3.jar;C:\Users\PC-22\.m2\repository\org\springframework\boot\spring-boot-starter-jdbc\3.5.8\spring-boot-starter-jdbc-3.5.8.jar;C:\Users\PC-22\.m2\repository\com\zaxxer\HikariCP\6.3.3\HikariCP-6.3.3.jar;C:\Users\PC-22\.m2\repository\org\slf4j\slf4j-api\2.0.17\slf4j-api-2.0.17.jar;C:\Users\PC-22\.m2\repository\org\springframework\spring-jdbc\6.2.14\spring-jdbc-6.2.14.jar;C:\Users\PC-22\.m2\repository\org\springframework\spring-tx\6.2.14\spring-tx-6.2.14.jar;C:\Users\PC-22\.m2\repository\org\springframework\boot\spring-boot-starter-web\3.5.8\spring-boot-starter-web-3.5.8.jar;C:\Users\PC-22\.m2\repository\org\springframework\boot\spring-boot-starter-json\3.5.8\spring-boot-starter-json-3.5.8.jar;C:\Users\PC-22\.m2\repository\com\fasterxml\jackson\datatype\jackson-datatype-jdk8\2.19.4\jackson-datatype-jdk8-2.19.4.jar;C:\Users\PC-22\.m2\repository\com\fasterxml\jackson\module\jackson-module-parameter-names\2.19.4\jackson-module-parameter-names-2.19.4.jar;C:\Users\PC-22\.m2\repository\org\springframework\boot\spring-boot-starter-tomcat\3.5.8\spring-boot-starter-tomcat-3.5.8.jar;C:\Users\PC-22\.m2\repository\org\apache\tomcat\embed\tomcat-embed-websocket\10.1.49\tomcat-embed-websocket-10.1.49.jar;C:\Users\PC-22\.m2\repository\org\springframework\spring-web\6.2.14\spring-web-6.2.14.jar;C:\Users\PC-22\.m2\repository\org\springframework\spring-webmvc\6.2.14\spring-webmvc-6.2.14.jar;C:\Users\PC-22\.m2\repository\org\mybatis\spring\boot\mybatis-spring-boot-starter\3.0.5\mybatis-spring-boot-starter-3.0.5.jar;C:\Users\PC-22\.m2\repository\org\mybatis\spring\boot\mybatis-spring-boot-autoconfigure\3.0.5\mybatis-spring-boot-autoconfigure-3.0.5.jar;C:\Users\PC-22\.m2\repository\org\mybatis\mybatis\3.5.19\mybatis-3.5.19.jar;C:\Users\PC-22\.m2\repository\org\mybatis\mybatis-spring\3.0.5\mybatis-spring-3.0.5.jar;C:\Users\PC-22\.m2\repository\org\springframework\boot\spring-boot-devtools\3.5.8\spring-boot-devtools-3.5.8.jar;C:\Users\PC-22\.m2\repository\org\springframework\boot\spring-boot\3.5.8\spring-boot-3.5.8.jar;C:\Users\PC-22\.m2\repository\org\springframework\boot\spring-boot-autoconfigure\3.5.8\spring-boot-autoconfigure-3.5.8.jar;C:\Users\PC-22\.m2\repository\com\oracle\database\jdbc\ojdbc11\23.7.0.25.01\ojdbc11-23.7.0.25.01.jar;C:\Users\PC-22\.m2\repository\org\projectlombok\lombok\1.18.42\lombok-1.18.42.jar;C:\Users\PC-22\.m2\repository\jakarta\xml\bind\jakarta.xml.bind-api\4.0.4\jakarta.xml.bind-api-4.0.4.jar;C:\Users\PC-22\.m2\repository\jakarta\activation\jakarta.activation-api\2.1.4\jakarta.activation-api-2.1.4.jar;C:\Users\PC-22\.m2\repository\net\bytebuddy\byte-buddy\1.17.8\byte-buddy-1.17.8.jar;C:\Users\PC-22\.m2\repository\org\springframework\spring-core\6.2.14\spring-core-6.2.14.jar;C:\Users\PC-22\.m2\repository\org\springframework\spring-jcl\6.2.14\spring-jcl-6.2.14.jar;C:\Users\PC-22\.m2\repository\jakarta\servlet\jsp\jstl\jakarta.servlet.jsp.jstl-api\3.0.2\jakarta.servlet.jsp.jstl-api-3.0.2.jar;C:\Users\PC-22\.m2\repository\jakarta\el\jakarta.el-api\5.0.0\jakarta.el-api-5.0.0.jar;C:\Users\PC-22\.m2\repository\jakarta\servlet\jakarta.servlet-api\6.0.0\jakarta.servlet-api-6.0.0.jar;C:\Users\PC-22\.m2\repository\org\glassfish\web\jakarta.servlet.jsp.jstl\3.0.1\jakarta.servlet.jsp.jstl-3.0.1.jar;C:\Users\PC-22\.m2\repository\org\apache\tomcat\embed\tomcat-embed-jasper\10.1.49\tomcat-embed-jasper-10.1.49.jar;C:\Users\PC-22\.m2\repository\org\apache\tomcat\embed\tomcat-embed-core\10.1.49\tomcat-embed-core-10.1.49.jar;C:\Users\PC-22\.m2\repository\org\apache\tomcat\tomcat-annotations-api\10.1.49\tomcat-annotations-api-10.1.49.jar;C:\Users\PC-22\.m2\repository\org\apache\tomcat\embed\tomcat-embed-el\10.1.49\tomcat-embed-el-10.1.49.jar;C:\Users\PC-22\.m2\repository\org\eclipse\jdt\ecj\3.33.0\ecj-3.33.0.jar;C:\Users\PC-22\.m2\repository\commons-io\commons-io\2.6\commons-io-2.6.jar;C:\Users\PC-22\.m2\repository\commons-fileupload\commons-fileupload\1.4\commons-fileupload-1.4.jar;C:\Users\PC-22\.m2\repository\com\github\gavlyukovskiy\p6spy-spring-boot-starter\1.11.0\p6spy-spring-boot-starter-1.11.0.jar;C:\Users\PC-22\.m2\repository\com\github\gavlyukovskiy\datasource-decorator-spring-boot-autoconfigure\1.11.0\datasource-decorator-spring-boot-autoconfigure-1.11.0.jar;C:\Users\PC-22\.m2\repository\p6spy\p6spy\3.9.1\p6spy-3.9.1.jar;C:\Users\PC-22\.m2\repository\org\apache\commons\commons-lang3\3.6\commons-lang3-3.6.jar;C:\Users\PC-22\.m2\repository\com\google\code\gson\gson\2.8.2\gson-2.8.2.jar;C:\Users\PC-22\.m2\repository\org\springframework\boot\spring-boot-starter-security\3.5.8\spring-boot-starter-security-3.5.8.jar;C:\Users\PC-22\.m2\repository\org\springframework\spring-aop\6.2.14\spring-aop-6.2.14.jar;C:\Users\PC-22\.m2\repository\org\springframework\security\spring-security-config\6.5.7\spring-security-config-6.5.7.jar;C:\Users\PC-22\.m2\repository\org\springframework\security\spring-security-web\6.5.7\spring-security-web-6.5.7.jar;C:\Users\PC-22\.m2\repository\org\springframework\spring-beans\6.2.14\spring-beans-6.2.14.jar;C:\Users\PC-22\.m2\repository\org\springframework\spring-context\6.2.14\spring-context-6.2.14.jar;C:\Users\PC-22\.m2\repository\org\springframework\spring-expression\6.2.14\spring-expression-6.2.14.jar;C:\Users\PC-22\.m2\repository\org\springframework\security\spring-security-core\6.5.7\spring-security-core-6.5.7.jar;C:\Users\PC-22\.m2\repository\org\springframework\security\spring-security-crypto\6.5.7\spring-security-crypto-6.5.7.jar;C:\Users\PC-22\.m2\repository\org\springframework\security\spring-security-taglibs\6.5.7\spring-security-taglibs-6.5.7.jar;C:\Users\PC-22\.m2\repository\org\springframework\security\spring-security-acl\6.5.7\spring-security-acl-6.5.7.jar;C:\Users\PC-22\.m2\repository\io\jsonwebtoken\jjwt\0.9.1\jjwt-0.9.1.jar;C:\Users\PC-22\.m2\repository\com\fasterxml\jackson\core\jackson-databind\2.19.4\jackson-databind-2.19.4.jar;C:\Users\PC-22\.m2\repository\com\fasterxml\jackson\core\jackson-annotations\2.19.4\jackson-annotations-2.19.4.jar;C:\Users\PC-22\.m2\repository\com\fasterxml\jackson\core\jackson-core\2.19.4\jackson-core-2.19.4.jar;C:\Users\PC-22\.m2\repository\javax\xml\bind\jaxb-api\2.3.1\jaxb-api-2.3.1.jar;C:\Users\PC-22\.m2\repository\javax\activation\javax.activation-api\1.2.0\javax.activation-api-1.2.0.jar;C:\Users\PC-22\.m2\repository\org\springframework\boot\spring-boot-configuration-processor\3.5.8\spring-boot-configuration-processor-3.5.8.jar;C:\Users\PC-22\.m2\repository\org\springframework\boot\spring-boot-starter-websocket\3.5.8\spring-boot-starter-websocket-3.5.8.jar;C:\Users\PC-22\.m2\repository\org\springframework\spring-messaging\6.2.14\spring-messaging-6.2.14.jar;C:\Users\PC-22\.m2\repository\org\springframework\spring-websocket\6.2.14\spring-websocket-6.2.14.jar;C:\Users\PC-22\.m2\repository\org\springframework\boot\spring-boot-starter-mail\3.5.8\spring-boot-starter-mail-3.5.8.jar;C:\Users\PC-22\.m2\repository\org\springframework\spring-context-support\6.2.14\spring-context-support-6.2.14.jar;C:\Users\PC-22\.m2\repository\org\eclipse\angus\jakarta.mail\2.0.5\jakarta.mail-2.0.5.jar;C:\Users\PC-22\.m2\repository\org\eclipse\angus\angus-activation\2.0.3\angus-activation-2.0.3.jar;C:\Users\PC-22\.m2\repository\org\springframework\boot\spring-boot-starter-data-jpa\3.5.8\spring-boot-starter-data-jpa-3.5.8.jar;C:\Users\PC-22\.m2\repository\org\hibernate\orm\hibernate-core\6.6.36.Final\hibernate-core-6.6.36.Final.jar;C:\Users\PC-22\.m2\repository\jakarta\persistence\jakarta.persistence-api\3.1.0\jakarta.persistence-api-3.1.0.jar;C:\Users\PC-22\.m2\repository\jakarta\transaction\jakarta.transaction-api\2.0.1\jakarta.transaction-api-2.0.1.jar;C:\Users\PC-22\.m2\repository\org\jboss\logging\jboss-logging\3.6.1.Final\jboss-logging-3.6.1.Final.jar;C:\Users\PC-22\.m2\repository\org\hibernate\common\hibernate-commons-annotations\7.0.3.Final\hibernate-commons-annotations-7.0.3.Final.jar;C:\Users\PC-22\.m2\repository\io\smallrye\jandex\3.2.0\jandex-3.2.0.jar;C:\Users\PC-22\.m2\repository\com\fasterxml\classmate\1.7.1\classmate-1.7.1.jar;C:\Users\PC-22\.m2\repository\org\glassfish\jaxb\jaxb-runtime\4.0.6\jaxb-runtime-4.0.6.jar;C:\Users\PC-22\.m2\repository\org\glassfish\jaxb\jaxb-core\4.0.6\jaxb-core-4.0.6.jar;C:\Users\PC-22\.m2\repository\org\glassfish\jaxb\txw2\4.0.6\txw2-4.0.6.jar;C:\Users\PC-22\.m2\repository\com\sun\istack\istack-commons-runtime\4.1.2\istack-commons-runtime-4.1.2.jar;C:\Users\PC-22\.m2\repository\jakarta\inject\jakarta.inject-api\2.0.1\jakarta.inject-api-2.0.1.jar;C:\Users\PC-22\.m2\repository\org\antlr\antlr4-runtime\4.13.0\antlr4-runtime-4.13.0.jar;C:\Users\PC-22\.m2\repository\org\springframework\data\spring-data-jpa\3.5.6\spring-data-jpa-3.5.6.jar;C:\Users\PC-22\.m2\repository\org\springframework\data\spring-data-commons\3.5.6\spring-data-commons-3.5.6.jar;C:\Users\PC-22\.m2\repository\org\springframework\spring-orm\6.2.14\spring-orm-6.2.14.jar;C:\Users\PC-22\.m2\repository\org\springframework\spring-aspects\6.2.14\spring-aspects-6.2.14.jar;C:\Users\PC-22\.m2\repository\org\aspectj\aspectjweaver\1.9.25\aspectjweaver-1.9.25.jar;C:\Users\PC-22\.m2\repository\org\apache\poi\poi-ooxml\5.2.3\poi-ooxml-5.2.3.jar;C:\Users\PC-22\.m2\repository\org\apache\poi\poi\5.2.3\poi-5.2.3.jar;C:\Users\PC-22\.m2\repository\commons-codec\commons-codec\1.18.0\commons-codec-1.18.0.jar;C:\Users\PC-22\.m2\repository\org\apache\commons\commons-math3\3.6.1\commons-math3-3.6.1.jar;C:\Users\PC-22\.m2\repository\com\zaxxer\SparseBitSet\1.2\SparseBitSet-1.2.jar;C:\Users\PC-22\.m2\repository\org\apache\poi\poi-ooxml-lite\5.2.3\poi-ooxml-lite-5.2.3.jar;C:\Users\PC-22\.m2\repository\org\apache\xmlbeans\xmlbeans\5.1.1\xmlbeans-5.1.1.jar;C:\Users\PC-22\.m2\repository\org\apache\commons\commons-compress\1.21\commons-compress-1.21.jar;C:\Users\PC-22\.m2\repository\com\github\virtuald\curvesapi\1.07\curvesapi-1.07.jar;C:\Users\PC-22\.m2\repository\org\apache\logging\log4j\log4j-api\2.24.3\log4j-api-2.24.3.jar;C:\Users\PC-22\.m2\repository\org\apache\commons\commons-collections4\4.4\commons-collections4-4.4.jar
Launcher Type: SUN_STANDARD

[Global flags]
     intx CICompilerCount                          = 12                                        {product} {ergonomic}
     uint ConcGCThreads                            = 3                                         {product} {ergonomic}
     uint G1ConcRefinementThreads                  = 13                                        {product} {ergonomic}
   size_t G1HeapRegionSize                         = 2097152                                   {product} {ergonomic}
    uintx GCDrainStackTargetSize                   = 64                                        {product} {ergonomic}
   size_t InitialHeapSize                          = 266338304                                 {product} {ergonomic}
     bool ManagementServer                         = true                                      {product} {command line}
   size_t MarkStackSize                            = 4194304                                   {product} {ergonomic}
   size_t MaxHeapSize                              = 4255121408                                {product} {ergonomic}
   size_t MaxNewSize                               = 2552233984                                {product} {ergonomic}
   size_t MinHeapDeltaBytes                        = 2097152                                   {product} {ergonomic}
   size_t MinHeapSize                              = 8388608                                   {product} {ergonomic}
    uintx NonNMethodCodeHeapSize                   = 4096                                   {pd product} {ergonomic}
    uintx NonProfiledCodeHeapSize                  = 0                                      {pd product} {ergonomic}
     bool ProfileInterpreter                       = false                                  {pd product} {command line}
    uintx ProfiledCodeHeapSize                     = 0                                      {pd product} {ergonomic}
     bool ShowCodeDetailsInExceptionMessages       = true                                   {manageable} {command line}
   size_t SoftMaxHeapSize                          = 4255121408                             {manageable} {ergonomic}
     intx TieredStopAtLevel                        = 1                                         {product} {command line}
     bool UseCompressedOops                        = true                           {product lp64_product} {ergonomic}
     bool UseG1GC                                  = true                                      {product} {ergonomic}
     bool UseLargePagesIndividualAllocation        = false                                  {pd product} {ergonomic}

Logging:
Log output configuration:
 #0: stdout all=warning uptime,level,tags foldmultilines=false
 #1: stderr all=off uptime,level,tags foldmultilines=false

Environment Variables:
JAVA_HOME=D:\B_Util\2.Java\amazon-corretto-21.0.3.9.1-windows-x64-jdk\jdk21.0.3_9
PATH=D:/A_TeachingMaterial/06_FinalProject/TOOL/sts//plugins/org.eclipse.justj.openjdk.hotspot.jre.full.win32.x86_64_21.0.8.v20250724-1412/jre/bin/server;D:/A_TeachingMaterial/06_FinalProject/TOOL/sts//plugins/org.eclipse.justj.openjdk.hotspot.jre.full.win32.x86_64_21.0.8.v20250724-1412/jre/bin;C:\app\PC-22\product\21c\dbhomeXE\bin;C:\WINDOWS\system32;C:\WINDOWS;C:\WINDOWS\System32\Wbem;C:\WINDOWS\System32\WindowsPowerShell\v1.0\;C:\WINDOWS\System32\OpenSSH\;D:\B_Util\2.Java\amazon-corretto-21.0.3.9.1-windows-x64-jdk\jdk21.0.3_9\bin;C:\Program Files\TortoiseSVN\bin;C:\Users\PC-22\AppData\Local\nvm;C:\nvm4w\nodejs;C:\Program Files\PuTTY\;C:\Program Files\Docker\Docker\resources\bin;C:\Users\PC-22\AppData\Local\Programs\Python\Launcher\;C:\Users\PC-22\AppData\Local\Microsoft\WindowsApps;C:\Program Files\Bandizip\;C:\Users\PC-22\AppData\Local\Programs\Microsoft VS Code\bin;C:\Users\PC-22\AppData\Roaming\npm;C:\Program Files\JetBrains\PyCharm 2025.2.3\bin;C:\Users\PC-22\AppData\Local\nvm;C:\nvm4w\nodejs;D:\A_TeachingMaterial\06_FinalProject\TOOL\sts;
USERNAME=PC-22
OS=Windows_NT
PROCESSOR_IDENTIFIER=Intel64 Family 6 Model 165 Stepping 5, GenuineIntel
TMP=C:\Users\PC-22\AppData\Local\Temp
TEMP=C:\Users\PC-22\AppData\Local\Temp




Periodic native trim disabled

---------------  S Y S T E M  ---------------

OS:
 Windows 10 , 64 bit Build 19041 (10.0.19041.5915)
OS uptime: 20 days 3:30 hours
Hyper-V role detected

CPU: total 16 (initial active 16) (8 cores per cpu, 2 threads per core) family 6 model 165 stepping 5 microcode 0xc8, cx8, cmov, fxsr, ht, mmx, 3dnowpref, sse, sse2, sse3, ssse3, sse4.1, sse4.2, popcnt, lzcnt, tsc, tscinvbit, avx, avx2, aes, erms, clmul, bmi1, bmi2, adx, fma, vzeroupper, clflush, clflushopt, hv, rdtscp, f16c
Processor Information for all 16 processors :
  Max Mhz: 2904, Current Mhz: 2904, Mhz Limit: 2904

Memory: 4k page, system-wide physical 16227M (3953M free)
TotalPageFile size 22918M (AvailPageFile size 4299M)
current process WorkingSet (physical memory assigned to process): 373M, peak: 373M
current process commit charge ("private bytes"): 447M, peak: 447M

vm_info: OpenJDK 64-Bit Server VM (21.0.3+9-LTS) for windows-amd64 JRE (21.0.3+9-LTS), built on 2024-04-10T19:10:39Z by "Administrator" with MS VC++ 16.10 / 16.11 (VS2019)

END.
